2026-03-31 14:26:19,897  INFO      Water-contact analysis — Leonard et al. 2024 method
2026-03-31 14:26:19,898  INFO      Output directory: /scratch/alpine/ivta1597/LCA_boltz_models/binders/seq17_binder/prod_md_0p9_cutoff_3dt_64x1_16PME_642dd/water_analysis_results
2026-03-31 14:26:19,898  INFO      Topology  : /scratch/alpine/ivta1597/LCA_boltz_models/binders/seq17_binder/prod_md_0p9_cutoff_3dt_64x1_16PME_642dd/medoid_system.pdb
2026-03-31 14:26:19,898  INFO      Trajectory: /scratch/alpine/ivta1597/LCA_boltz_models/binders/seq17_binder/prod_md_0p9_cutoff_3dt_64x1_16PME_642dd/prod_md_40_500ns.xtc
2026-03-31 14:26:19,898  INFO      Loading trajectory (stride=1)…
2026-03-31 14:26:46,693  INFO      Loaded 12267 frames in 26.8 s  (timestep = 37.500 ps)
2026-03-31 14:26:46,712  INFO      Ligand (LIG) atoms   : 69 total, 27 heavy, 3 acceptors (O/N)
2026-03-31 14:26:46,712  INFO      Water oxygen atoms  : 8934
2026-03-31 14:26:46,712  INFO      Protein heavy atoms : 1444
2026-03-31 14:26:46,712  INFO      Computing LCA–water contact mask (8934 waters × 27 LCA heavy atoms)…
2026-03-31 14:30:46,592  INFO        Water–LCA contacts present in 12164 / 12267 frames (99.2%)
2026-03-31 14:30:46,597  INFO      Step 2 — Computing R scores (this is the slow step)…
2026-03-31 14:30:46,597  INFO      Pocket residue whitelist: [49, 51, 52, 55, 58, 59, 61, 62, 79, 81, 83, 87, 88, 89, 92, 94, 96, 106, 108, 110, 113, 115, 117, 120, 122, 124, 141, 145, 159, 160, 163, 167]
2026-03-31 14:30:46,598  INFO      Computing R scores for 1444 protein residues…
2026-03-31 14:30:46,598  INFO        Pocket filter applied — analysing 32 / 181 residue groups
2026-03-31 14:30:46,598  INFO        Processing residue 0 / 32…
2026-03-31 15:08:59,078  INFO      Residues with dominant water-mediated contacts (R < -0.70): 0
2026-03-31 15:08:59,088  INFO      R-score calculation complete in 2292.5 s
2026-03-31 15:08:59,089  INFO      Step 3 — Classifying H-bond strength and stability…
2026-03-31 15:08:59,089  INFO      Classifying H-bond strength/stability for 0 dominant residues…
2026-03-31 15:08:59,089  INFO      Step 4 — Computing water-bridge role occupancy…
2026-03-31 15:08:59,089  INFO      Saving results…
2026-03-31 15:08:59,451  INFO      R-score table saved → /scratch/alpine/ivta1597/LCA_boltz_models/binders/seq17_binder/prod_md_0p9_cutoff_3dt_64x1_16PME_642dd/water_analysis_results/r_scores_all_residues.csv
2026-03-31 15:08:59,453  INFO      Dominant residues table saved → /scratch/alpine/ivta1597/LCA_boltz_models/binders/seq17_binder/prod_md_0p9_cutoff_3dt_64x1_16PME_642dd/water_analysis_results/r_scores_dominant.csv  (0 residues)
2026-03-31 15:08:59,453  WARNING   No H-bond data to save (no dominant water-mediated bonds found).
2026-03-31 15:09:00,403  INFO      Plot saved → r_score_distribution.png
2026-03-31 15:09:00,404  INFO      
2026-03-31 15:09:00,404  INFO      ======================================================================
2026-03-31 15:09:00,404  INFO      SUMMARY — Mechanistically conserved water-mediated H-bonds
2026-03-31 15:09:00,404  INFO        (dominant R < -0.70  AND  strong mean < 2.5 Å  AND  stable std < 0.45 Å)
2026-03-31 15:09:00,404  INFO      ======================================================================
2026-03-31 15:09:00,404  INFO        No mechanistically conserved water-mediated bonds found.
2026-03-31 15:09:00,404  INFO        Consider relaxing --r-cutoff or checking residue naming.
2026-03-31 15:09:00,404  INFO      Analysis complete.  All output in: /scratch/alpine/ivta1597/LCA_boltz_models/binders/seq17_binder/prod_md_0p9_cutoff_3dt_64x1_16PME_642dd/water_analysis_results
