                      :-) GROMACS - gmx mdrun, 2025.3 (-:

Copyright 1991-2025 The GROMACS Authors.
GROMACS is free software; you can redistribute it and/or modify it
under the terms of the GNU Lesser General Public License
as published by the Free Software Foundation; either version 2.1
of the License, or (at your option) any later version.

                         Current GROMACS contributors:
       Mark Abraham           Andrey Alekseenko           Brian Andrews       
      Vladimir Basov              Paul Bauer                Hugh Bird         
      Eliane Briand               Ania Brown              Mahesh Doijade      
      Giacomo Fiorin          Stefan Fleischmann          Sergey Gorelov      
   Gilles Gouaillardet            Alan Gray              M. Eric Irrgang      
   Farzaneh Jalalypour         Petter Johansson          Carsten Kutzner      
    Grzegorz Łazarski         Justin A. Lemkul          Magnus Lundborg      
       Pascal Merz             Vedran Miletić            Dmitry Morozov      
     Lukas Müllender            Julien Nabet             Szilárd Páll      
 Andrea Pasquadibisceglie     Michele Pellegrino         Nicola Piasentin     
     Daniele Rapetti         Muhammad Umair Sadiq         Hubert Santuz       
      Roland Schulz             Michael Shirts           Tatiana Shugaeva     
     Alexey Shvetsov            Philip Turner            Alessandra Villa     
 Sebastian Wingbermühle  

                         Previous GROMACS contributors:
        Emile Apol             Rossen Apostolov           James Barnett       
  Herman J.C. Berendsen         Cathrine Bergh             Par Bjelkmar       
      Christian Blau          Viacheslav Bolnykh            Kevin Boyd        
    Aldert van Buuren          Carlo Camilloni           Rudi van Drunen      
      Anton Feenstra           Oliver Fleetwood            Vytas Gapsys       
       Gaurav Garg             Gerrit Groenhof            Bert de Groot       
      Anca Hamuraru           Vincent Hindriksen          Victor Holanda      
     Aleksei Iupinov              Joe Jordan            Christoph Junghans    
    Prashanth Kanduri        Dimitrios Karkoulis           Peter Kasson       
      Sebastian Kehl           Sebastian Keller             Jiri Kraus        
       Per Larsson              Viveca Lindahl            Erik Marklund       
    Pieter Meulenhoff           Teemu Murtola              Sander Pronk       
      Alfons Sijbers            Balint Soproni         David van der Spoel    
      Peter Tieleman            Carsten Uphoff             Jon Vincent        
     Teemu Virolainen         Christian Wennberg           Maarten Wolf       
      Artem Zhmurov       

                  Coordinated by the GROMACS project leaders:
                           Berk Hess and Erik Lindahl

GROMACS:      gmx mdrun, version 2025.3
Executable:   /projects/ivta1597/pkgs/gromacs-2025.3/bin/gmx
Data prefix:  /projects/ivta1597/pkgs/gromacs-2025.3
Working dir:  /gpfs/alpine1/scratch/ivta1597/LCA_boltz_models/binders/pair_3066_binder/NVT
Process ID:   2527031
Command line:
  gmx mdrun -deffnm nvt

GROMACS version:     2025.3
Precision:           mixed
Memory model:        64 bit
MPI library:         thread_mpi
OpenMP support:      enabled (GMX_OPENMP_MAX_THREADS = 128)
GPU support:         disabled
SIMD instructions:   AVX2_256
CPU FFT library:     fftw-3.3.10-sse2-avx-avx2-avx2_128
GPU FFT library:     none
Multi-GPU FFT:       none
RDTSCP usage:        enabled
TNG support:         enabled
Hwloc support:       disabled
Tracing support:     disabled
C compiler:          /curc/sw/install/openmpi/5.0.6/gcc/14.2.0/bin/mpicc GNU 14.2.0
C compiler flags:    -fexcess-precision=fast -funroll-all-loops -mavx2 -mfma -Wno-missing-field-initializers -O3 -DNDEBUG
C++ compiler:        /curc/sw/install/openmpi/5.0.6/gcc/14.2.0/bin/mpicxx GNU 14.2.0
C++ compiler flags:  -fexcess-precision=fast -funroll-all-loops -mavx2 -mfma -Wno-missing-field-initializers -Wno-cast-function-type-strict SHELL:-fopenmp -O3 -DNDEBUG
BLAS library:        Internal
LAPACK library:      Internal


Running on 1 node with total 24 cores, 24 processing units
Hardware detected on host c3cpu-a5-u34-3:
  CPU info:
    Vendor: AMD
    Brand:  AMD EPYC 7713 64-Core Processor                
    Family: 25   Model: 1   Stepping: 1
    Features: aes amd apic avx avx2 clfsh cmov cx8 cx16 f16c fma htt lahf misalignsse mmx msr nonstop_tsc pcid pclmuldq pdpe1gb popcnt pse rdrnd rdtscp sha sse2 sse3 sse4a sse4.1 sse4.2 ssse3 x2apic
  Hardware topology: Basic
    Packages, cores, and logical processors:
    [indices refer to OS logical processors]
      Package  0: [  32] [  33] [  34] [  35] [  36] [  37] [  38] [  39] [  40] [  41] [  42] [  43] [  44] [  45] [  46] [  47] [  48] [  49] [  50] [  51] [  52] [  61] [  62] [  63]
    CPU limit set by OS: -1   Recommended max number of threads: 24


++++ PLEASE READ AND CITE THE FOLLOWING REFERENCE ++++
M. J. Abraham, T. Murtola, R. Schulz, S. Páll, J. C. Smith, B. Hess, E.
Lindahl
GROMACS: High performance molecular simulations through multi-level
parallelism from laptops to supercomputers
SoftwareX (2015)
DOI: 10.1016/j.softx.2015.06.001
-------- -------- --- Thank You --- -------- --------


++++ PLEASE READ AND CITE THE FOLLOWING REFERENCE ++++
S. Páll, M. J. Abraham, C. Kutzner, B. Hess, E. Lindahl
Tackling Exascale Software Challenges in Molecular Dynamics Simulations with
GROMACS
In S. Markidis & E. Laure (Eds.), Solving Software Challenges for Exascale (2015)
DOI: 10.1007/978-3-319-15976-8_1
-------- -------- --- Thank You --- -------- --------


++++ PLEASE READ AND CITE THE FOLLOWING REFERENCE ++++
S. Pronk, S. Páll, R. Schulz, P. Larsson, P. Bjelkmar, R. Apostolov, M. R.
Shirts, J. C. Smith, P. M. Kasson, D. van der Spoel, B. Hess, E. Lindahl
GROMACS 4.5: a high-throughput and highly parallel open source molecular
simulation toolkit
Bioinformatics (2013)
DOI: 10.1093/bioinformatics/btt055
-------- -------- --- Thank You --- -------- --------


++++ PLEASE READ AND CITE THE FOLLOWING REFERENCE ++++
B. Hess, C. Kutzner, D. van der Spoel, E. Lindahl
GROMACS 4: Algorithms for highly efficient, load-balanced, and scalable
molecular simulation
J. Chem. Theory Comput. (2008)
DOI: 10.1021/ct700301q
-------- -------- --- Thank You --- -------- --------


++++ PLEASE READ AND CITE THE FOLLOWING REFERENCE ++++
D. van der Spoel, E. Lindahl, B. Hess, G. Groenhof, A. E. Mark, H. J. C.
Berendsen
GROMACS: Fast, Flexible and Free
J. Comp. Chem. (2005)
DOI: 10.1002/jcc.20291
-------- -------- --- Thank You --- -------- --------


++++ PLEASE READ AND CITE THE FOLLOWING REFERENCE ++++
E. Lindahl, B. Hess, D. van der Spoel
GROMACS 3.0: A package for molecular simulation and trajectory analysis
J. Mol. Mod. (2001)
DOI: 10.1007/s008940100045
-------- -------- --- Thank You --- -------- --------


++++ PLEASE READ AND CITE THE FOLLOWING REFERENCE ++++
H. J. C. Berendsen, D. van der Spoel and R. van Drunen
GROMACS: A message-passing parallel molecular dynamics implementation
Comp. Phys. Comm. (1995)
DOI: 10.1016/0010-4655(95)00042-E
-------- -------- --- Thank You --- -------- --------


++++ PLEASE CITE THE DOI FOR THIS VERSION OF GROMACS ++++
https://doi.org/10.5281/zenodo.16992621
-------- -------- --- Thank You --- -------- --------


The number of OpenMP threads was set by environment variable OMP_NUM_THREADS to 24

Input Parameters:
   integrator                     = md
   tinit                          = 0
   dt                             = 0.002
   nsteps                         = 50000
   init-step                      = 0
   simulation-part                = 1
   mts                            = false
   mass-repartition-factor        = 1
   comm-mode                      = Linear
   nstcomm                        = 100
   bd-fric                        = 0
   ld-seed                        = 1391558271
   emtol                          = 10
   emstep                         = 0.01
   niter                          = 20
   fcstep                         = 0
   nstcgsteep                     = 1000
   nbfgscorr                      = 10
   rtpi                           = 0.05
   nstxout                        = 0
   nstvout                        = 0
   nstfout                        = 0
   nstlog                         = 500
   nstcalcenergy                  = 100
   nstenergy                      = 500
   nstxout-compressed             = 500
   compressed-x-precision         = 1000
   cutoff-scheme                  = Verlet
   nstlist                        = 20
   pbc                            = xyz
   periodic-molecules             = false
   verlet-buffer-tolerance        = 0.005
   verlet-buffer-pressure-tolerance = 0.5
   rlist                          = 1.213
   coulombtype                    = PME
   coulomb-modifier               = Potential-shift
   rcoulomb-switch                = 0
   rcoulomb                       = 1.2
   epsilon-r                      = 1
   epsilon-rf                     = inf
   vdw-type                       = Cut-off
   vdw-modifier                   = Force-switch
   rvdw-switch                    = 1
   rvdw                           = 1.2
   DispCorr                       = EnerPres
   table-extension                = 1
   fourierspacing                 = 0.16
   fourier-nx                     = 52
   fourier-ny                     = 52
   fourier-nz                     = 52
   pme-order                      = 4
   ewald-rtol                     = 1e-05
   ewald-rtol-lj                  = 0.001
   lj-pme-comb-rule               = Geometric
   ewald-geometry                 = 3d
   epsilon-surface                = 0
   ensemble-temperature-setting   = constant
   ensemble-temperature           = 300
   tcoupl                         = V-rescale
   nsttcouple                     = 10
   nh-chain-length                = 0
   print-nose-hoover-chain-variables = false
   pcoupl                         = No
   refcoord-scaling               = No
   posres-com: not available
   posres-comB: not available
   QMMM                           = false
qm-opts:
   ngQM                           = 0
   constraint-algorithm           = Lincs
   continuation                   = false
   Shake-SOR                      = false
   shake-tol                      = 0.0001
   lincs-order                    = 4
   lincs-iter                     = 1
   lincs-warnangle                = 30
   nwall                          = 0
   wall-type                      = 9-3
   wall-r-linpot                  = -1
   wall-atomtype[0]               = -1
   wall-atomtype[1]               = -1
   wall-density[0]                = 0
   wall-density[1]                = 0
   wall-ewald-zfac                = 3
   pull                           = false
   awh                            = false
   rotation                       = false
   interactiveMD                  = false
   disre                          = No
   disre-weighting                = Conservative
   disre-mixed                    = false
   dr-fc                          = 1000
   dr-tau                         = 0
   nstdisreout                    = 100
   orire-fc                       = 0
   orire-tau                      = 0
   nstorireout                    = 100
   free-energy                    = no
   cos-acceleration               = 0
   deform (3x3):
      deform[    0]={ 0.00000e+00,  0.00000e+00,  0.00000e+00}
      deform[    1]={ 0.00000e+00,  0.00000e+00,  0.00000e+00}
      deform[    2]={ 0.00000e+00,  0.00000e+00,  0.00000e+00}
   simulated-tempering            = false
   swapcoords                     = no
   userint1                       = 0
   userint2                       = 0
   userint3                       = 0
   userint4                       = 0
   userreal1                      = 0
   userreal2                      = 0
   userreal3                      = 0
   userreal4                      = 0
   applied-forces:
     electric-field:
       x:
         E0                       = 0
         omega                    = 0
         t0                       = 0
         sigma                    = 0
       y:
         E0                       = 0
         omega                    = 0
         t0                       = 0
         sigma                    = 0
       z:
         E0                       = 0
         omega                    = 0
         t0                       = 0
         sigma                    = 0
     density-guided-simulation:
       active                     = false
       group                      = protein
       similarity-measure         = inner-product
       atom-spreading-weight      = unity
       force-constant             = 1e+09
       gaussian-transform-spreading-width = 0.2
       gaussian-transform-spreading-range-in-multiples-of-width = 4
       reference-density-filename = reference.mrc
       nst                        = 1
       normalize-densities        = true
       adaptive-force-scaling     = false
       adaptive-force-scaling-time-constant = 4
       shift-vector               = 
       transformation-matrix      = 
     qmmm-cp2k:
       active                     = false
       qmgroup                    = System
       qmmethod                   = PBE
       qmfilenames                = 
       qmcharge                   = 0
       qmmultiplicity             = 1
     colvars:
       active                     = false
       configfile                 = 
       seed                       = -1
     nnpot:
       active                     = false
       modelfile                  = model.pt
       input-group                = System
       model-input1               = 
       model-input2               = 
       model-input3               = 
       model-input4               = 
grpopts:
   nrdf:       58151
   ref-t:         300
   tau-t:         0.1
annealing:          No
annealing-npoints:           0
   acc:	           0           0           0
   nfreeze:           N           N           N
   energygrp-flags[  0]: 0

Changing nstlist from 20 to 100, rlist from 1.213 to 1.329

Update groups can not be used for this system because atoms that are (in)directly constrained together are interdispersed with other atoms

Initializing Domain Decomposition on 1 ranks
Dynamic load balancing: auto
Minimum cell size due to atom displacement: 0.779 nm
Initial maximum distances in bonded interactions:
    two-body bonded interactions: 0.425 nm, LJ-14, atoms 1436 1446
  multi-body bonded interactions: 0.425 nm, Proper Dih., atoms 1436 1446
Minimum cell size due to bonded interactions: 0.467 nm
Maximum distance for 5 constraints, at 120 deg. angles, all-trans: 0.219 nm
Estimated maximum distance required for P-LINCS: 0.219 nm
Using 0 separate PME ranks because: there are too few total ranks for efficient splitting
Optimizing the DD grid for 1 cells with a minimum initial size of 0.779 nm
The maximum allowed number of cells is: X 8 Y 8 Z 7
Domain decomposition grid 1 x 1 x 1, separate PME ranks 0
PME domain decomposition: 1 x 1 x 1

The initial number of communication pulses is:
The initial domain decomposition cell size is:

The maximum allowed distance for atoms involved in interactions is:
                 non-bonded interactions           1.329 nm
            two-body bonded interactions  (-rdd)   1.329 nm
          multi-body bonded interactions  (-rdd)   1.329 nm
  atoms separated by up to 5 constraints  (-rcon)  5.696 nm

When dynamic load balancing gets turned on, these settings will change to:
The maximum number of communication pulses is:
The minimum size for domain decomposition cells is 1.329 nm
The requested allowed shrink of DD cells (option -dds) is: 0.80
The allowed shrink of domain decomposition cells is:
The maximum allowed distance for atoms involved in interactions is:
                 non-bonded interactions           1.329 nm
            two-body bonded interactions  (-rdd)   1.329 nm
          multi-body bonded interactions  (-rdd)   1.329 nm
  atoms separated by up to 5 constraints  (-rcon)  1.329 nm

Local state does not use filler particles

Using 1 MPI thread

Non-default thread affinity set, disabling internal thread affinity

Using 24 OpenMP threads 

System total charge: 0.000
Will do PME sum in reciprocal space for electrostatic interactions.

++++ PLEASE READ AND CITE THE FOLLOWING REFERENCE ++++
U. Essmann, L. Perera, M. L. Berkowitz, T. Darden, H. Lee, L. G. Pedersen 
A smooth particle mesh Ewald method
J. Chem. Phys. (1995)
DOI: 10.1063/1.470117
-------- -------- --- Thank You --- -------- --------

Using a Gaussian width (1/beta) of 0.384195 nm for Ewald
Potential shift: LJ r^-12: -2.648e-01 r^-6: -5.349e-01, Ewald -8.333e-06
Initialized non-bonded Coulomb Ewald tables, spacing: 1.02e-03 size: 1176

Generated table with 1164 data points for 1-4 COUL.
Tabscale = 500 points/nm
Generated table with 1164 data points for 1-4 LJ6.
Tabscale = 500 points/nm
Generated table with 1164 data points for 1-4 LJ12.
Tabscale = 500 points/nm
Long Range LJ corr.: <C6> 3.2390e-04


Using SIMD4xM 4x8 nonbonded short-range kernels

Using a dual 4x8 pair-list setup updated with dynamic pruning:
  outer list: updated every 100 steps, buffer 0.129 nm, rlist 1.329 nm
  inner list: updated every  15 steps, buffer 0.000 nm, rlist 1.200 nm
At tolerance 0.005 kJ/mol/ps per atom, equivalent classical 1x1 list would be:
  outer list: updated every 100 steps, buffer 0.278 nm, rlist 1.478 nm
  inner list: updated every  15 steps, buffer 0.057 nm, rlist 1.257 nm

The average pressure is off by at most 0.25 bar due to missing LJ interactions
Removing pbc first time

Linking all bonded interactions to atoms


Initializing Parallel LINear Constraint Solver

++++ PLEASE READ AND CITE THE FOLLOWING REFERENCE ++++
B. Hess
P-LINCS: A Parallel Linear Constraint Solver for molecular simulation
J. Chem. Theory Comput. (2008)
DOI: 10.1021/ct700200b
-------- -------- --- Thank You --- -------- --------

The number of constraints is 1483
There are constraints between atoms in different decomposition domains,
will communicate selected coordinates each lincs iteration

++++ PLEASE READ AND CITE THE FOLLOWING REFERENCE ++++
S. Miyamoto, P. A. Kollman
SETTLE: An Analytical Version of the SHAKE and RATTLE Algorithms for Rigid
Water Models
J. Comp. Chem. (1992)
DOI: 10.1002/jcc.540130805
-------- -------- --- Thank You --- -------- --------


++++ PLEASE READ AND CITE THE FOLLOWING REFERENCE ++++
G. Bussi, D. Donadio, M. Parrinello
Canonical sampling through velocity rescaling
J. Chem. Phys. (2007)
DOI: 10.1063/1.2408420
-------- -------- --- Thank You --- -------- --------

There are: 28342 Atoms

Atom distribution over 1 domains: av 28342 stddev 0 min 28342 max 28342

Constraining the starting coordinates (step 0)

Constraining the coordinates at t0-dt (step 0)
Center of mass motion removal mode is Linear
We have the following groups for center of mass motion removal:
  0:  rest
RMS relative constraint deviation after constraining: 3.37e-06
Initial temperature: 299.223 K

Started mdrun on rank 0 Wed Apr  8 12:57:51 2026

           Step           Time
              0        0.00000

   Energies (kJ/mol)
           Bond          Angle    Proper Dih. Per. Imp. Dih.          LJ-14
    4.80136e+02    2.18731e+03    8.78846e+03    8.01783e+01    2.43307e+03
     Coulomb-14        LJ (SR)  Disper. corr.   Coulomb (SR)   Coul. recip.
    2.42236e+04    4.62999e+04   -2.13829e+03   -4.70144e+05    2.25426e+03
 Position Rest.      Potential    Kinetic En.   Total Energy  Conserved En.
    2.61425e-03   -3.85535e+05    7.23532e+04   -3.13182e+05   -3.13182e+05
    Temperature Pres. DC (bar) Pressure (bar)   Constr. rmsd
    2.99293e+02   -9.61520e+01   -2.79106e+03    3.39436e-06

           Step           Time
            500        1.00000

   Energies (kJ/mol)
           Bond          Angle    Proper Dih. Per. Imp. Dih.          LJ-14
    2.09231e+03    6.20712e+03    9.82285e+03    3.39960e+02    2.72132e+03
     Coulomb-14        LJ (SR)  Disper. corr.   Coulomb (SR)   Coul. recip.
    2.39169e+04    4.14976e+04   -2.13829e+03   -4.25760e+05    2.26608e+03
 Position Rest.      Potential    Kinetic En.   Total Energy  Conserved En.
    3.28490e+02   -3.38706e+05    7.30395e+04   -2.65666e+05   -3.12533e+05
    Temperature Pres. DC (bar) Pressure (bar)   Constr. rmsd
    3.02132e+02   -9.61520e+01   -1.46264e+03    2.85428e-06

           Step           Time
           1000        2.00000

   Energies (kJ/mol)
           Bond          Angle    Proper Dih. Per. Imp. Dih.          LJ-14
    1.94850e+03    6.49272e+03    9.76539e+03    3.76580e+02    2.77204e+03
     Coulomb-14        LJ (SR)  Disper. corr.   Coulomb (SR)   Coul. recip.
    2.40507e+04    4.21031e+04   -2.13829e+03   -4.27490e+05    2.06425e+03
 Position Rest.      Potential    Kinetic En.   Total Energy  Conserved En.
    2.73317e+02   -3.39782e+05    7.24825e+04   -2.67299e+05   -3.12503e+05
    Temperature Pres. DC (bar) Pressure (bar)   Constr. rmsd
    2.99828e+02   -9.61520e+01   -9.50378e+02    3.05932e-06

           Step           Time
           1500        3.00000

   Energies (kJ/mol)
           Bond          Angle    Proper Dih. Per. Imp. Dih.          LJ-14
    2.09984e+03    6.26970e+03    9.74025e+03    3.68033e+02    2.73682e+03
     Coulomb-14        LJ (SR)  Disper. corr.   Coulomb (SR)   Coul. recip.
    2.42441e+04    4.35231e+04   -2.13829e+03   -4.32043e+05    2.04803e+03
 Position Rest.      Potential    Kinetic En.   Total Energy  Conserved En.
    3.47519e+02   -3.42804e+05    7.26801e+04   -2.70124e+05   -3.12482e+05
    Temperature Pres. DC (bar) Pressure (bar)   Constr. rmsd
    3.00645e+02   -9.61520e+01   -1.54599e+03    2.92751e-06

           Step           Time
           2000        4.00000

   Energies (kJ/mol)
           Bond          Angle    Proper Dih. Per. Imp. Dih.          LJ-14
    2.01472e+03    6.34036e+03    9.76849e+03    3.72695e+02    2.79242e+03
     Coulomb-14        LJ (SR)  Disper. corr.   Coulomb (SR)   Coul. recip.
    2.40711e+04    4.25361e+04   -2.13829e+03   -4.31079e+05    1.98573e+03
 Position Rest.      Potential    Kinetic En.   Total Energy  Conserved En.
    2.85409e+02   -3.43050e+05    7.23176e+04   -2.70733e+05   -3.12476e+05
    Temperature Pres. DC (bar) Pressure (bar)   Constr. rmsd
    2.99146e+02   -9.61520e+01   -9.78223e+02    3.39556e-06

           Step           Time
           2500        5.00000

   Energies (kJ/mol)
           Bond          Angle    Proper Dih. Per. Imp. Dih.          LJ-14
    2.17596e+03    6.43112e+03    9.66980e+03    3.59647e+02    2.75644e+03
     Coulomb-14        LJ (SR)  Disper. corr.   Coulomb (SR)   Coul. recip.
    2.40354e+04    4.44456e+04   -2.13829e+03   -4.34902e+05    2.06463e+03
 Position Rest.      Potential    Kinetic En.   Total Energy  Conserved En.
    2.53351e+02   -3.44849e+05    7.31643e+04   -2.71684e+05   -3.12465e+05
    Temperature Pres. DC (bar) Pressure (bar)   Constr. rmsd
    3.02648e+02   -9.61520e+01   -8.76706e+02    2.91282e-06

           Step           Time
           3000        6.00000

   Energies (kJ/mol)
           Bond          Angle    Proper Dih. Per. Imp. Dih.          LJ-14
    2.08727e+03    6.23576e+03    9.75285e+03    3.17881e+02    2.73501e+03
     Coulomb-14        LJ (SR)  Disper. corr.   Coulomb (SR)   Coul. recip.
    2.40411e+04    4.31399e+04   -2.13829e+03   -4.35656e+05    2.07617e+03
 Position Rest.      Potential    Kinetic En.   Total Energy  Conserved En.
    2.99682e+02   -3.47109e+05    7.34745e+04   -2.73634e+05   -3.12482e+05
    Temperature Pres. DC (bar) Pressure (bar)   Constr. rmsd
    3.03931e+02   -9.61520e+01   -6.99315e+02    3.25216e-06

           Step           Time
           3500        7.00000

   Energies (kJ/mol)
           Bond          Angle    Proper Dih. Per. Imp. Dih.          LJ-14
    2.10946e+03    6.50513e+03    9.64149e+03    3.20210e+02    2.74711e+03
     Coulomb-14        LJ (SR)  Disper. corr.   Coulomb (SR)   Coul. recip.
    2.40940e+04    4.35899e+04   -2.13829e+03   -4.38295e+05    2.00216e+03
 Position Rest.      Potential    Kinetic En.   Total Energy  Conserved En.
    2.50537e+02   -3.49173e+05    7.28318e+04   -2.76341e+05   -3.12445e+05
    Temperature Pres. DC (bar) Pressure (bar)   Constr. rmsd
    3.01272e+02   -9.61520e+01   -9.65935e+02    3.24298e-06

           Step           Time
           4000        8.00000

   Energies (kJ/mol)
           Bond          Angle    Proper Dih. Per. Imp. Dih.          LJ-14
    2.04836e+03    6.38093e+03    9.68981e+03    4.06786e+02    2.74587e+03
     Coulomb-14        LJ (SR)  Disper. corr.   Coulomb (SR)   Coul. recip.
    2.40935e+04    4.37371e+04   -2.13829e+03   -4.37909e+05    1.92004e+03
 Position Rest.      Potential    Kinetic En.   Total Energy  Conserved En.
    2.75200e+02   -3.48749e+05    7.28230e+04   -2.75926e+05   -3.12438e+05
    Temperature Pres. DC (bar) Pressure (bar)   Constr. rmsd
    3.01236e+02   -9.61520e+01   -9.93032e+02    3.34062e-06

           Step           Time
           4500        9.00000

   Energies (kJ/mol)
           Bond          Angle    Proper Dih. Per. Imp. Dih.          LJ-14
    2.03694e+03    6.66601e+03    9.69599e+03    3.63573e+02    2.76099e+03
     Coulomb-14        LJ (SR)  Disper. corr.   Coulomb (SR)   Coul. recip.
    2.42061e+04    4.45378e+04   -2.13829e+03   -4.39757e+05    1.97383e+03
 Position Rest.      Potential    Kinetic En.   Total Energy  Conserved En.
    2.30784e+02   -3.49423e+05    7.21245e+04   -2.77298e+05   -3.12424e+05
    Temperature Pres. DC (bar) Pressure (bar)   Constr. rmsd
    2.98347e+02   -9.61520e+01   -5.80473e+02    3.04881e-06

           Step           Time
           5000       10.00000

   Energies (kJ/mol)
           Bond          Angle    Proper Dih. Per. Imp. Dih.          LJ-14
    2.13875e+03    6.53964e+03    9.64113e+03    3.93011e+02    2.76837e+03
     Coulomb-14        LJ (SR)  Disper. corr.   Coulomb (SR)   Coul. recip.
    2.42554e+04    4.46314e+04   -2.13829e+03   -4.40615e+05    1.93946e+03
 Position Rest.      Potential    Kinetic En.   Total Energy  Conserved En.
    2.26868e+02   -3.50220e+05    7.27617e+04   -2.77458e+05   -3.12421e+05
    Temperature Pres. DC (bar) Pressure (bar)   Constr. rmsd
    3.00983e+02   -9.61520e+01   -5.24326e+02    3.34357e-06

           Step           Time
           5500       11.00000

   Energies (kJ/mol)
           Bond          Angle    Proper Dih. Per. Imp. Dih.          LJ-14
    2.15518e+03    6.34417e+03    9.53204e+03    3.24261e+02    2.81795e+03
     Coulomb-14        LJ (SR)  Disper. corr.   Coulomb (SR)   Coul. recip.
    2.43664e+04    4.46070e+04   -2.13829e+03   -4.41852e+05    1.86628e+03
 Position Rest.      Potential    Kinetic En.   Total Energy  Conserved En.
    2.55359e+02   -3.51722e+05    7.32296e+04   -2.78492e+05   -3.12424e+05
    Temperature Pres. DC (bar) Pressure (bar)   Constr. rmsd
    3.02918e+02   -9.61520e+01   -5.30363e+02    3.14355e-06

           Step           Time
           6000       12.00000

   Energies (kJ/mol)
           Bond          Angle    Proper Dih. Per. Imp. Dih.          LJ-14
    2.20414e+03    6.53784e+03    9.63556e+03    3.90086e+02    2.75698e+03
     Coulomb-14        LJ (SR)  Disper. corr.   Coulomb (SR)   Coul. recip.
    2.41039e+04    4.42628e+04   -2.13829e+03   -4.40303e+05    1.86769e+03
 Position Rest.      Potential    Kinetic En.   Total Energy  Conserved En.
    2.42678e+02   -3.50439e+05    7.34911e+04   -2.76948e+05   -3.12402e+05
    Temperature Pres. DC (bar) Pressure (bar)   Constr. rmsd
    3.04000e+02   -9.61520e+01   -9.16974e+02    3.41732e-06

           Step           Time
           6500       13.00000

   Energies (kJ/mol)
           Bond          Angle    Proper Dih. Per. Imp. Dih.          LJ-14
    2.25898e+03    6.71619e+03    9.76525e+03    3.58019e+02    2.76253e+03
     Coulomb-14        LJ (SR)  Disper. corr.   Coulomb (SR)   Coul. recip.
    2.38604e+04    4.52089e+04   -2.13829e+03   -4.41447e+05    1.88641e+03
 Position Rest.      Potential    Kinetic En.   Total Energy  Conserved En.
    2.56440e+02   -3.50512e+05    7.28424e+04   -2.77670e+05   -3.12371e+05
    Temperature Pres. DC (bar) Pressure (bar)   Constr. rmsd
    3.01317e+02   -9.61520e+01   -5.59539e+02    3.06083e-06

           Step           Time
           7000       14.00000

   Energies (kJ/mol)
           Bond          Angle    Proper Dih. Per. Imp. Dih.          LJ-14
    2.14725e+03    6.61872e+03    9.58408e+03    3.70281e+02    2.68395e+03
     Coulomb-14        LJ (SR)  Disper. corr.   Coulomb (SR)   Coul. recip.
    2.42861e+04    4.33022e+04   -2.13829e+03   -4.40452e+05    1.90924e+03
 Position Rest.      Potential    Kinetic En.   Total Energy  Conserved En.
    2.55162e+02   -3.51433e+05    7.24553e+04   -2.78978e+05   -3.12388e+05
    Temperature Pres. DC (bar) Pressure (bar)   Constr. rmsd
    2.99715e+02   -9.61520e+01   -8.74420e+02    3.67023e-06

           Step           Time
           7500       15.00000

   Energies (kJ/mol)
           Bond          Angle    Proper Dih. Per. Imp. Dih.          LJ-14
    2.27800e+03    6.71265e+03    9.56339e+03    3.43744e+02    2.71647e+03
     Coulomb-14        LJ (SR)  Disper. corr.   Coulomb (SR)   Coul. recip.
    2.40285e+04    4.52279e+04   -2.13829e+03   -4.43922e+05    1.87513e+03
 Position Rest.      Potential    Kinetic En.   Total Energy  Conserved En.
    2.08530e+02   -3.53106e+05    7.26274e+04   -2.80479e+05   -3.12360e+05
    Temperature Pres. DC (bar) Pressure (bar)   Constr. rmsd
    3.00427e+02   -9.61520e+01   -5.39600e+02    3.47504e-06

           Step           Time
           8000       16.00000

   Energies (kJ/mol)
           Bond          Angle    Proper Dih. Per. Imp. Dih.          LJ-14
    2.35111e+03    6.60715e+03    9.55043e+03    3.29503e+02    2.73747e+03
     Coulomb-14        LJ (SR)  Disper. corr.   Coulomb (SR)   Coul. recip.
    2.41312e+04    4.50253e+04   -2.13829e+03   -4.43452e+05    1.77371e+03
 Position Rest.      Potential    Kinetic En.   Total Energy  Conserved En.
    2.31308e+02   -3.52854e+05    7.21381e+04   -2.80715e+05   -3.12366e+05
    Temperature Pres. DC (bar) Pressure (bar)   Constr. rmsd
    2.98403e+02   -9.61520e+01   -3.97451e+02    3.52034e-06

           Step           Time
           8500       17.00000

   Energies (kJ/mol)
           Bond          Angle    Proper Dih. Per. Imp. Dih.          LJ-14
    2.42123e+03    6.71646e+03    9.57911e+03    3.25372e+02    2.75763e+03
     Coulomb-14        LJ (SR)  Disper. corr.   Coulomb (SR)   Coul. recip.
    2.39884e+04    4.50586e+04   -2.13829e+03   -4.43818e+05    1.83610e+03
 Position Rest.      Potential    Kinetic En.   Total Energy  Conserved En.
    2.33851e+02   -3.53040e+05    7.26631e+04   -2.80377e+05   -3.12348e+05
    Temperature Pres. DC (bar) Pressure (bar)   Constr. rmsd
    3.00575e+02   -9.61520e+01   -7.40409e+02    3.34117e-06

           Step           Time
           9000       18.00000

   Energies (kJ/mol)
           Bond          Angle    Proper Dih. Per. Imp. Dih.          LJ-14
    2.26214e+03    6.72202e+03    9.61507e+03    3.89653e+02    2.75444e+03
     Coulomb-14        LJ (SR)  Disper. corr.   Coulomb (SR)   Coul. recip.
    2.40753e+04    4.53128e+04   -2.13829e+03   -4.44182e+05    1.85873e+03
 Position Rest.      Potential    Kinetic En.   Total Energy  Conserved En.
    2.29099e+02   -3.53101e+05    7.25297e+04   -2.80572e+05   -3.12363e+05
    Temperature Pres. DC (bar) Pressure (bar)   Constr. rmsd
    3.00023e+02   -9.61520e+01   -1.19718e+02    3.34092e-06

           Step           Time
           9500       19.00000

   Energies (kJ/mol)
           Bond          Angle    Proper Dih. Per. Imp. Dih.          LJ-14
    2.26797e+03    6.64711e+03    9.71339e+03    3.34669e+02    2.81927e+03
     Coulomb-14        LJ (SR)  Disper. corr.   Coulomb (SR)   Coul. recip.
    2.42131e+04    4.55051e+04   -2.13829e+03   -4.44227e+05    1.90724e+03
 Position Rest.      Potential    Kinetic En.   Total Energy  Conserved En.
    2.08467e+02   -3.52749e+05    7.27596e+04   -2.79990e+05   -3.12340e+05
    Temperature Pres. DC (bar) Pressure (bar)   Constr. rmsd
    3.00974e+02   -9.61520e+01   -2.82800e+02    3.32301e-06

           Step           Time
          10000       20.00000

   Energies (kJ/mol)
           Bond          Angle    Proper Dih. Per. Imp. Dih.          LJ-14
    2.27943e+03    6.52112e+03    9.68302e+03    3.38428e+02    2.75924e+03
     Coulomb-14        LJ (SR)  Disper. corr.   Coulomb (SR)   Coul. recip.
    2.39651e+04    4.37710e+04   -2.13829e+03   -4.42889e+05    1.87155e+03
 Position Rest.      Potential    Kinetic En.   Total Energy  Conserved En.
    2.30652e+02   -3.53608e+05    7.25136e+04   -2.81095e+05   -3.12359e+05
    Temperature Pres. DC (bar) Pressure (bar)   Constr. rmsd
    2.99956e+02   -9.61520e+01   -3.16378e+02    4.05267e-06

           Step           Time
          10500       21.00000

   Energies (kJ/mol)
           Bond          Angle    Proper Dih. Per. Imp. Dih.          LJ-14
    2.29085e+03    6.63344e+03    9.67232e+03    3.58782e+02    2.74003e+03
     Coulomb-14        LJ (SR)  Disper. corr.   Coulomb (SR)   Coul. recip.
    2.42201e+04    4.49343e+04   -2.13829e+03   -4.44103e+05    1.78400e+03
 Position Rest.      Potential    Kinetic En.   Total Energy  Conserved En.
    2.57770e+02   -3.53350e+05    7.15824e+04   -2.81768e+05   -3.12329e+05
    Temperature Pres. DC (bar) Pressure (bar)   Constr. rmsd
    2.96105e+02   -9.61520e+01   -4.48828e+02    4.03458e-06

           Step           Time
          11000       22.00000

   Energies (kJ/mol)
           Bond          Angle    Proper Dih. Per. Imp. Dih.          LJ-14
    2.31246e+03    6.65159e+03    9.58969e+03    3.18220e+02    2.74313e+03
     Coulomb-14        LJ (SR)  Disper. corr.   Coulomb (SR)   Coul. recip.
    2.42037e+04    4.38561e+04   -2.13829e+03   -4.42966e+05    1.77747e+03
 Position Rest.      Potential    Kinetic En.   Total Energy  Conserved En.
    2.24195e+02   -3.53428e+05    7.29790e+04   -2.80449e+05   -3.12343e+05
    Temperature Pres. DC (bar) Pressure (bar)   Constr. rmsd
    3.01881e+02   -9.61520e+01   -8.76338e+02    3.36505e-06

           Step           Time
          11500       23.00000

   Energies (kJ/mol)
           Bond          Angle    Proper Dih. Per. Imp. Dih.          LJ-14
    2.30838e+03    6.81984e+03    9.60459e+03    3.24255e+02    2.80596e+03
     Coulomb-14        LJ (SR)  Disper. corr.   Coulomb (SR)   Coul. recip.
    2.40372e+04    4.41035e+04   -2.13829e+03   -4.43051e+05    1.81006e+03
 Position Rest.      Potential    Kinetic En.   Total Energy  Conserved En.
    2.58323e+02   -3.53118e+05    7.26874e+04   -2.80430e+05   -3.12314e+05
    Temperature Pres. DC (bar) Pressure (bar)   Constr. rmsd
    3.00675e+02   -9.61520e+01   -3.61337e+02    4.53190e-06

           Step           Time
          12000       24.00000

   Energies (kJ/mol)
           Bond          Angle    Proper Dih. Per. Imp. Dih.          LJ-14
    2.16983e+03    6.53741e+03    9.68434e+03    3.57018e+02    2.76173e+03
     Coulomb-14        LJ (SR)  Disper. corr.   Coulomb (SR)   Coul. recip.
    2.42086e+04    4.44317e+04   -2.13829e+03   -4.44552e+05    1.77797e+03
 Position Rest.      Potential    Kinetic En.   Total Energy  Conserved En.
    2.10370e+02   -3.54551e+05    7.24849e+04   -2.82066e+05   -3.12334e+05
    Temperature Pres. DC (bar) Pressure (bar)   Constr. rmsd
    2.99838e+02   -9.61520e+01   -5.83758e+02    3.52697e-06

           Step           Time
          12500       25.00000

   Energies (kJ/mol)
           Bond          Angle    Proper Dih. Per. Imp. Dih.          LJ-14
    2.16403e+03    6.51712e+03    9.62930e+03    3.39282e+02    2.79104e+03
     Coulomb-14        LJ (SR)  Disper. corr.   Coulomb (SR)   Coul. recip.
    2.37984e+04    4.55991e+04   -2.13829e+03   -4.46056e+05    1.82066e+03
 Position Rest.      Potential    Kinetic En.   Total Energy  Conserved En.
    1.99146e+02   -3.55337e+05    7.12870e+04   -2.84050e+05   -3.12325e+05
    Temperature Pres. DC (bar) Pressure (bar)   Constr. rmsd
    2.94883e+02   -9.61520e+01   -2.80817e+02    3.19491e-06

           Step           Time
          13000       26.00000

   Energies (kJ/mol)
           Bond          Angle    Proper Dih. Per. Imp. Dih.          LJ-14
    2.19036e+03    6.71988e+03    9.59166e+03    3.52592e+02    2.79841e+03
     Coulomb-14        LJ (SR)  Disper. corr.   Coulomb (SR)   Coul. recip.
    2.41761e+04    4.46428e+04   -2.13829e+03   -4.45140e+05    1.77897e+03
 Position Rest.      Potential    Kinetic En.   Total Energy  Conserved En.
    2.13114e+02   -3.54815e+05    7.23597e+04   -2.82455e+05   -3.12306e+05
    Temperature Pres. DC (bar) Pressure (bar)   Constr. rmsd
    2.99320e+02   -9.61520e+01   -2.57474e+02    3.54885e-06

           Step           Time
          13500       27.00000

   Energies (kJ/mol)
           Bond          Angle    Proper Dih. Per. Imp. Dih.          LJ-14
    2.17659e+03    6.80441e+03    9.68111e+03    3.44884e+02    2.84770e+03
     Coulomb-14        LJ (SR)  Disper. corr.   Coulomb (SR)   Coul. recip.
    2.41168e+04    4.45202e+04   -2.13829e+03   -4.44357e+05    1.80696e+03
 Position Rest.      Potential    Kinetic En.   Total Energy  Conserved En.
    2.18240e+02   -3.53979e+05    7.26489e+04   -2.81330e+05   -3.12315e+05
    Temperature Pres. DC (bar) Pressure (bar)   Constr. rmsd
    3.00516e+02   -9.61520e+01   -9.60649e+01    3.41987e-06

           Step           Time
          14000       28.00000

   Energies (kJ/mol)
           Bond          Angle    Proper Dih. Per. Imp. Dih.          LJ-14
    2.20867e+03    6.73388e+03    9.51777e+03    3.56222e+02    2.84315e+03
     Coulomb-14        LJ (SR)  Disper. corr.   Coulomb (SR)   Coul. recip.
    2.42091e+04    4.47404e+04   -2.13829e+03   -4.44550e+05    1.82483e+03
 Position Rest.      Potential    Kinetic En.   Total Energy  Conserved En.
    2.41824e+02   -3.54013e+05    7.26168e+04   -2.81396e+05   -3.12297e+05
    Temperature Pres. DC (bar) Pressure (bar)   Constr. rmsd
    3.00383e+02   -9.61520e+01   -1.99739e+02    3.82655e-06

           Step           Time
          14500       29.00000

   Energies (kJ/mol)
           Bond          Angle    Proper Dih. Per. Imp. Dih.          LJ-14
    2.36427e+03    6.70852e+03    9.76592e+03    3.51743e+02    2.85604e+03
     Coulomb-14        LJ (SR)  Disper. corr.   Coulomb (SR)   Coul. recip.
    2.40542e+04    4.47071e+04   -2.13829e+03   -4.46396e+05    1.76978e+03
 Position Rest.      Potential    Kinetic En.   Total Energy  Conserved En.
    2.41523e+02   -3.55715e+05    7.23600e+04   -2.83355e+05   -3.12293e+05
    Temperature Pres. DC (bar) Pressure (bar)   Constr. rmsd
    2.99321e+02   -9.61520e+01   -4.24776e+02    3.47413e-06

           Step           Time
          15000       30.00000

   Energies (kJ/mol)
           Bond          Angle    Proper Dih. Per. Imp. Dih.          LJ-14
    2.36600e+03    6.75261e+03    9.70510e+03    3.30335e+02    2.69625e+03
     Coulomb-14        LJ (SR)  Disper. corr.   Coulomb (SR)   Coul. recip.
    2.38976e+04    4.43038e+04   -2.13829e+03   -4.44923e+05    1.77079e+03
 Position Rest.      Potential    Kinetic En.   Total Energy  Conserved En.
    2.64808e+02   -3.54974e+05    7.26133e+04   -2.82361e+05   -3.12289e+05
    Temperature Pres. DC (bar) Pressure (bar)   Constr. rmsd
    3.00369e+02   -9.61520e+01   -3.39602e+02    3.26449e-06

           Step           Time
          15500       31.00000

   Energies (kJ/mol)
           Bond          Angle    Proper Dih. Per. Imp. Dih.          LJ-14
    2.43011e+03    6.58109e+03    9.56752e+03    3.21743e+02    2.78617e+03
     Coulomb-14        LJ (SR)  Disper. corr.   Coulomb (SR)   Coul. recip.
    2.40842e+04    4.51797e+04   -2.13829e+03   -4.46142e+05    1.83321e+03
 Position Rest.      Potential    Kinetic En.   Total Energy  Conserved En.
    2.27049e+02   -3.55269e+05    7.26989e+04   -2.82571e+05   -3.12270e+05
    Temperature Pres. DC (bar) Pressure (bar)   Constr. rmsd
    3.00723e+02   -9.61520e+01   -4.45134e+02    3.56282e-06

           Step           Time
          16000       32.00000

   Energies (kJ/mol)
           Bond          Angle    Proper Dih. Per. Imp. Dih.          LJ-14
    2.32877e+03    6.89404e+03    9.66505e+03    3.61144e+02    2.77720e+03
     Coulomb-14        LJ (SR)  Disper. corr.   Coulomb (SR)   Coul. recip.
    2.40738e+04    4.49337e+04   -2.13829e+03   -4.45480e+05    1.76077e+03
 Position Rest.      Potential    Kinetic En.   Total Energy  Conserved En.
    2.68831e+02   -3.54555e+05    7.23201e+04   -2.82235e+05   -3.12258e+05
    Temperature Pres. DC (bar) Pressure (bar)   Constr. rmsd
    2.99156e+02   -9.61520e+01   -9.57125e+01    3.59060e-06

           Step           Time
          16500       33.00000

   Energies (kJ/mol)
           Bond          Angle    Proper Dih. Per. Imp. Dih.          LJ-14
    2.40625e+03    6.88422e+03    9.61313e+03    3.71804e+02    2.76705e+03
     Coulomb-14        LJ (SR)  Disper. corr.   Coulomb (SR)   Coul. recip.
    2.39809e+04    4.50936e+04   -2.13829e+03   -4.46732e+05    1.73865e+03
 Position Rest.      Potential    Kinetic En.   Total Energy  Conserved En.
    2.40290e+02   -3.55774e+05    7.26033e+04   -2.83171e+05   -3.12251e+05
    Temperature Pres. DC (bar) Pressure (bar)   Constr. rmsd
    3.00328e+02   -9.61520e+01   -7.09554e+02    3.38041e-06

           Step           Time
          17000       34.00000

   Energies (kJ/mol)
           Bond          Angle    Proper Dih. Per. Imp. Dih.          LJ-14
    2.22941e+03    6.62364e+03    9.55628e+03    3.41742e+02    2.80215e+03
     Coulomb-14        LJ (SR)  Disper. corr.   Coulomb (SR)   Coul. recip.
    2.41019e+04    4.49390e+04   -2.13829e+03   -4.46152e+05    1.76709e+03
 Position Rest.      Potential    Kinetic En.   Total Energy  Conserved En.
    2.51694e+02   -3.55678e+05    7.13538e+04   -2.84324e+05   -3.12254e+05
    Temperature Pres. DC (bar) Pressure (bar)   Constr. rmsd
    2.95159e+02   -9.61520e+01   -7.41844e+02    3.75672e-06

           Step           Time
          17500       35.00000

   Energies (kJ/mol)
           Bond          Angle    Proper Dih. Per. Imp. Dih.          LJ-14
    2.27074e+03    6.71983e+03    9.68810e+03    3.98510e+02    2.77198e+03
     Coulomb-14        LJ (SR)  Disper. corr.   Coulomb (SR)   Coul. recip.
    2.39205e+04    4.53115e+04   -2.13829e+03   -4.47376e+05    1.86341e+03
 Position Rest.      Potential    Kinetic En.   Total Energy  Conserved En.
    2.73064e+02   -3.56297e+05    7.26442e+04   -2.83653e+05   -3.12257e+05
    Temperature Pres. DC (bar) Pressure (bar)   Constr. rmsd
    3.00497e+02   -9.61520e+01   -3.38232e+02    3.74018e-06

           Step           Time
          18000       36.00000

   Energies (kJ/mol)
           Bond          Angle    Proper Dih. Per. Imp. Dih.          LJ-14
    2.24622e+03    6.86552e+03    9.60427e+03    3.46711e+02    2.74449e+03
     Coulomb-14        LJ (SR)  Disper. corr.   Coulomb (SR)   Coul. recip.
    2.41525e+04    4.60868e+04   -2.13829e+03   -4.48237e+05    1.70890e+03
 Position Rest.      Potential    Kinetic En.   Total Energy  Conserved En.
    2.64172e+02   -3.56356e+05    7.22946e+04   -2.84061e+05   -3.12245e+05
    Temperature Pres. DC (bar) Pressure (bar)   Constr. rmsd
    2.99051e+02   -9.61520e+01   -4.20398e+02    3.45012e-06

           Step           Time
          18500       37.00000

   Energies (kJ/mol)
           Bond          Angle    Proper Dih. Per. Imp. Dih.          LJ-14
    2.33085e+03    6.95324e+03    9.66482e+03    3.04716e+02    2.73854e+03
     Coulomb-14        LJ (SR)  Disper. corr.   Coulomb (SR)   Coul. recip.
    2.39905e+04    4.43477e+04   -2.13829e+03   -4.46436e+05    1.74296e+03
 Position Rest.      Potential    Kinetic En.   Total Energy  Conserved En.
    2.33006e+02   -3.56268e+05    7.21686e+04   -2.84099e+05   -3.12242e+05
    Temperature Pres. DC (bar) Pressure (bar)   Constr. rmsd
    2.98529e+02   -9.61520e+01   -7.92868e+02    3.69793e-06

           Step           Time
          19000       38.00000

   Energies (kJ/mol)
           Bond          Angle    Proper Dih. Per. Imp. Dih.          LJ-14
    2.20722e+03    6.90704e+03    9.65640e+03    3.88878e+02    2.80305e+03
     Coulomb-14        LJ (SR)  Disper. corr.   Coulomb (SR)   Coul. recip.
    2.42137e+04    4.41439e+04   -2.13829e+03   -4.45948e+05    1.76985e+03
 Position Rest.      Potential    Kinetic En.   Total Energy  Conserved En.
    2.68727e+02   -3.55728e+05    7.33512e+04   -2.82376e+05   -3.12230e+05
    Temperature Pres. DC (bar) Pressure (bar)   Constr. rmsd
    3.03421e+02   -9.61520e+01   -5.96926e+02    3.95047e-06

           Step           Time
          19500       39.00000

   Energies (kJ/mol)
           Bond          Angle    Proper Dih. Per. Imp. Dih.          LJ-14
    2.38101e+03    6.74694e+03    9.64508e+03    3.81439e+02    2.67490e+03
     Coulomb-14        LJ (SR)  Disper. corr.   Coulomb (SR)   Coul. recip.
    2.41421e+04    4.50461e+04   -2.13829e+03   -4.45750e+05    1.73352e+03
 Position Rest.      Potential    Kinetic En.   Total Energy  Conserved En.
    2.33494e+02   -3.54904e+05    7.28404e+04   -2.82064e+05   -3.12210e+05
    Temperature Pres. DC (bar) Pressure (bar)   Constr. rmsd
    3.01308e+02   -9.61520e+01   -2.20026e+02    3.80858e-06

           Step           Time
          20000       40.00000

   Energies (kJ/mol)
           Bond          Angle    Proper Dih. Per. Imp. Dih.          LJ-14
    2.35925e+03    6.63462e+03    9.67240e+03    3.89358e+02    2.76335e+03
     Coulomb-14        LJ (SR)  Disper. corr.   Coulomb (SR)   Coul. recip.
    2.39659e+04    4.52429e+04   -2.13829e+03   -4.45960e+05    1.75346e+03
 Position Rest.      Potential    Kinetic En.   Total Energy  Conserved En.
    2.45401e+02   -3.55072e+05    7.23815e+04   -2.82690e+05   -3.12218e+05
    Temperature Pres. DC (bar) Pressure (bar)   Constr. rmsd
    2.99410e+02   -9.61520e+01   -3.87897e+02    3.74761e-06

           Step           Time
          20500       41.00000

   Energies (kJ/mol)
           Bond          Angle    Proper Dih. Per. Imp. Dih.          LJ-14
    2.31428e+03    6.94418e+03    9.59721e+03    3.48047e+02    2.75977e+03
     Coulomb-14        LJ (SR)  Disper. corr.   Coulomb (SR)   Coul. recip.
    2.40589e+04    4.47849e+04   -2.13829e+03   -4.46443e+05    1.83046e+03
 Position Rest.      Potential    Kinetic En.   Total Energy  Conserved En.
    2.49959e+02   -3.55694e+05    7.32951e+04   -2.82398e+05   -3.12199e+05
    Temperature Pres. DC (bar) Pressure (bar)   Constr. rmsd
    3.03189e+02   -9.61520e+01   -5.40092e+02    3.63056e-06

           Step           Time
          21000       42.00000

   Energies (kJ/mol)
           Bond          Angle    Proper Dih. Per. Imp. Dih.          LJ-14
    2.36553e+03    6.66462e+03    9.61763e+03    4.01960e+02    2.79747e+03
     Coulomb-14        LJ (SR)  Disper. corr.   Coulomb (SR)   Coul. recip.
    2.40064e+04    4.53691e+04   -2.13829e+03   -4.47136e+05    1.84230e+03
 Position Rest.      Potential    Kinetic En.   Total Energy  Conserved En.
    2.57565e+02   -3.55952e+05    7.32250e+04   -2.82727e+05   -3.12200e+05
    Temperature Pres. DC (bar) Pressure (bar)   Constr. rmsd
    3.02899e+02   -9.61520e+01   -4.07944e+02    4.03179e-06

           Step           Time
          21500       43.00000

   Energies (kJ/mol)
           Bond          Angle    Proper Dih. Per. Imp. Dih.          LJ-14
    2.40864e+03    6.59114e+03    9.61312e+03    3.74115e+02    2.78785e+03
     Coulomb-14        LJ (SR)  Disper. corr.   Coulomb (SR)   Coul. recip.
    2.37953e+04    4.43833e+04   -2.13829e+03   -4.46446e+05    1.70919e+03
 Position Rest.      Potential    Kinetic En.   Total Energy  Conserved En.
    2.71298e+02   -3.56650e+05    7.19709e+04   -2.84680e+05   -3.12189e+05
    Temperature Pres. DC (bar) Pressure (bar)   Constr. rmsd
    2.97711e+02   -9.61520e+01   -6.11835e+02    3.56703e-06

           Step           Time
          22000       44.00000

   Energies (kJ/mol)
           Bond          Angle    Proper Dih. Per. Imp. Dih.          LJ-14
    2.19582e+03    6.82285e+03    9.57592e+03    3.60790e+02    2.76499e+03
     Coulomb-14        LJ (SR)  Disper. corr.   Coulomb (SR)   Coul. recip.
    2.41936e+04    4.46478e+04   -2.13829e+03   -4.46166e+05    1.76501e+03
 Position Rest.      Potential    Kinetic En.   Total Energy  Conserved En.
    2.48013e+02   -3.55729e+05    7.26209e+04   -2.83109e+05   -3.12190e+05
    Temperature Pres. DC (bar) Pressure (bar)   Constr. rmsd
    3.00400e+02   -9.61520e+01   -4.80011e+02    3.43775e-06

           Step           Time
          22500       45.00000

   Energies (kJ/mol)
           Bond          Angle    Proper Dih. Per. Imp. Dih.          LJ-14
    2.33465e+03    6.76995e+03    9.69510e+03    3.67401e+02    2.79843e+03
     Coulomb-14        LJ (SR)  Disper. corr.   Coulomb (SR)   Coul. recip.
    2.42472e+04    4.34152e+04   -2.13829e+03   -4.45828e+05    1.77268e+03
 Position Rest.      Potential    Kinetic En.   Total Energy  Conserved En.
    2.09042e+02   -3.56356e+05    7.27219e+04   -2.83634e+05   -3.12186e+05
    Temperature Pres. DC (bar) Pressure (bar)   Constr. rmsd
    3.00818e+02   -9.61520e+01   -4.90126e+02    3.59064e-06

           Step           Time
          23000       46.00000

   Energies (kJ/mol)
           Bond          Angle    Proper Dih. Per. Imp. Dih.          LJ-14
    2.38774e+03    6.78162e+03    9.61099e+03    3.51599e+02    2.79475e+03
     Coulomb-14        LJ (SR)  Disper. corr.   Coulomb (SR)   Coul. recip.
    2.40504e+04    4.33029e+04   -2.13829e+03   -4.44598e+05    1.78249e+03
 Position Rest.      Potential    Kinetic En.   Total Energy  Conserved En.
    2.14663e+02   -3.55460e+05    7.26304e+04   -2.82829e+05   -3.12172e+05
    Temperature Pres. DC (bar) Pressure (bar)   Constr. rmsd
    3.00439e+02   -9.61520e+01   -7.76143e+02    3.87715e-06

           Step           Time
          23500       47.00000

   Energies (kJ/mol)
           Bond          Angle    Proper Dih. Per. Imp. Dih.          LJ-14
    2.29636e+03    6.90902e+03    9.66746e+03    3.68014e+02    2.72379e+03
     Coulomb-14        LJ (SR)  Disper. corr.   Coulomb (SR)   Coul. recip.
    2.41048e+04    4.43288e+04   -2.13829e+03   -4.47282e+05    1.77959e+03
 Position Rest.      Potential    Kinetic En.   Total Energy  Conserved En.
    2.41675e+02   -3.57000e+05    7.26457e+04   -2.84355e+05   -3.12170e+05
    Temperature Pres. DC (bar) Pressure (bar)   Constr. rmsd
    3.00503e+02   -9.61520e+01   -9.42090e+01    3.54831e-06

           Step           Time
          24000       48.00000

   Energies (kJ/mol)
           Bond          Angle    Proper Dih. Per. Imp. Dih.          LJ-14
    2.32791e+03    6.99279e+03    9.62678e+03    3.31533e+02    2.79210e+03
     Coulomb-14        LJ (SR)  Disper. corr.   Coulomb (SR)   Coul. recip.
    2.40549e+04    4.47268e+04   -2.13829e+03   -4.47804e+05    1.80015e+03
 Position Rest.      Potential    Kinetic En.   Total Energy  Conserved En.
    2.07641e+02   -3.57081e+05    7.26421e+04   -2.84439e+05   -3.12186e+05
    Temperature Pres. DC (bar) Pressure (bar)   Constr. rmsd
    3.00488e+02   -9.61520e+01   -5.25543e+02    3.64645e-06

           Step           Time
          24500       49.00000

   Energies (kJ/mol)
           Bond          Angle    Proper Dih. Per. Imp. Dih.          LJ-14
    2.26104e+03    6.84355e+03    9.60296e+03    3.90114e+02    2.91965e+03
     Coulomb-14        LJ (SR)  Disper. corr.   Coulomb (SR)   Coul. recip.
    2.40653e+04    4.59387e+04   -2.13829e+03   -4.48812e+05    1.66357e+03
 Position Rest.      Potential    Kinetic En.   Total Energy  Conserved En.
    2.13587e+02   -3.57052e+05    7.24463e+04   -2.84606e+05   -3.12164e+05
    Temperature Pres. DC (bar) Pressure (bar)   Constr. rmsd
    2.99678e+02   -9.61520e+01   -1.56771e+00    3.47091e-06

           Step           Time
          25000       50.00000

   Energies (kJ/mol)
           Bond          Angle    Proper Dih. Per. Imp. Dih.          LJ-14
    2.28315e+03    6.71671e+03    9.69723e+03    3.88765e+02    2.76646e+03
     Coulomb-14        LJ (SR)  Disper. corr.   Coulomb (SR)   Coul. recip.
    2.43128e+04    4.56138e+04   -2.13829e+03   -4.49087e+05    1.75190e+03
 Position Rest.      Potential    Kinetic En.   Total Energy  Conserved En.
    2.36801e+02   -3.57458e+05    7.26871e+04   -2.84771e+05   -3.12166e+05
    Temperature Pres. DC (bar) Pressure (bar)   Constr. rmsd
    3.00674e+02   -9.61520e+01   -5.80183e+02    3.42208e-06

           Step           Time
          25500       51.00000

   Energies (kJ/mol)
           Bond          Angle    Proper Dih. Per. Imp. Dih.          LJ-14
    2.34429e+03    6.69028e+03    9.61284e+03    3.73408e+02    2.80401e+03
     Coulomb-14        LJ (SR)  Disper. corr.   Coulomb (SR)   Coul. recip.
    2.39066e+04    4.45137e+04   -2.13829e+03   -4.45626e+05    1.75084e+03
 Position Rest.      Potential    Kinetic En.   Total Energy  Conserved En.
    2.20124e+02   -3.55548e+05    7.26220e+04   -2.82926e+05   -3.12155e+05
    Temperature Pres. DC (bar) Pressure (bar)   Constr. rmsd
    3.00405e+02   -9.61520e+01   -5.80610e+02    3.53550e-06

           Step           Time
          26000       52.00000

   Energies (kJ/mol)
           Bond          Angle    Proper Dih. Per. Imp. Dih.          LJ-14
    2.22366e+03    6.87731e+03    9.59366e+03    3.55470e+02    2.80670e+03
     Coulomb-14        LJ (SR)  Disper. corr.   Coulomb (SR)   Coul. recip.
    2.40651e+04    4.45068e+04   -2.13829e+03   -4.45519e+05    1.73494e+03
 Position Rest.      Potential    Kinetic En.   Total Energy  Conserved En.
    2.64753e+02   -3.55229e+05    7.29607e+04   -2.82269e+05   -3.12160e+05
    Temperature Pres. DC (bar) Pressure (bar)   Constr. rmsd
    3.01806e+02   -9.61520e+01   -4.19482e+02    3.48636e-06

           Step           Time
          26500       53.00000

   Energies (kJ/mol)
           Bond          Angle    Proper Dih. Per. Imp. Dih.          LJ-14
    2.14827e+03    6.65452e+03    9.62323e+03    3.60415e+02    2.77434e+03
     Coulomb-14        LJ (SR)  Disper. corr.   Coulomb (SR)   Coul. recip.
    2.41148e+04    4.48890e+04   -2.13829e+03   -4.46181e+05    1.75865e+03
 Position Rest.      Potential    Kinetic En.   Total Energy  Conserved En.
    2.22285e+02   -3.55773e+05    7.25054e+04   -2.83268e+05   -3.12153e+05
    Temperature Pres. DC (bar) Pressure (bar)   Constr. rmsd
    2.99922e+02   -9.61520e+01   -3.79329e+02    3.81418e-06

           Step           Time
          27000       54.00000

   Energies (kJ/mol)
           Bond          Angle    Proper Dih. Per. Imp. Dih.          LJ-14
    2.24173e+03    6.73088e+03    9.63502e+03    3.33036e+02    2.72692e+03
     Coulomb-14        LJ (SR)  Disper. corr.   Coulomb (SR)   Coul. recip.
    2.41402e+04    4.49394e+04   -2.13829e+03   -4.45421e+05    1.71264e+03
 Position Rest.      Potential    Kinetic En.   Total Energy  Conserved En.
    2.14327e+02   -3.54885e+05    7.25790e+04   -2.82306e+05   -3.12155e+05
    Temperature Pres. DC (bar) Pressure (bar)   Constr. rmsd
    3.00227e+02   -9.61520e+01   -7.68376e+02    4.27874e-06

           Step           Time
          27500       55.00000

   Energies (kJ/mol)
           Bond          Angle    Proper Dih. Per. Imp. Dih.          LJ-14
    2.21983e+03    6.58997e+03    9.61152e+03    3.16613e+02    2.77577e+03
     Coulomb-14        LJ (SR)  Disper. corr.   Coulomb (SR)   Coul. recip.
    2.39598e+04    4.49820e+04   -2.13829e+03   -4.46537e+05    1.77302e+03
 Position Rest.      Potential    Kinetic En.   Total Energy  Conserved En.
    2.10509e+02   -3.56237e+05    7.24219e+04   -2.83815e+05   -3.12148e+05
    Temperature Pres. DC (bar) Pressure (bar)   Constr. rmsd
    2.99577e+02   -9.61520e+01   -4.93881e+02    3.34351e-06

           Step           Time
          28000       56.00000

   Energies (kJ/mol)
           Bond          Angle    Proper Dih. Per. Imp. Dih.          LJ-14
    2.30333e+03    6.80916e+03    9.55899e+03    3.52374e+02    2.77800e+03
     Coulomb-14        LJ (SR)  Disper. corr.   Coulomb (SR)   Coul. recip.
    2.37719e+04    4.59746e+04   -2.13829e+03   -4.48074e+05    1.71831e+03
 Position Rest.      Potential    Kinetic En.   Total Energy  Conserved En.
    2.03756e+02   -3.56742e+05    7.24318e+04   -2.84311e+05   -3.12112e+05
    Temperature Pres. DC (bar) Pressure (bar)   Constr. rmsd
    2.99618e+02   -9.61520e+01   -4.53723e+02    3.54609e-06

           Step           Time
          28500       57.00000

   Energies (kJ/mol)
           Bond          Angle    Proper Dih. Per. Imp. Dih.          LJ-14
    2.38701e+03    6.67458e+03    9.47838e+03    3.31872e+02    2.70445e+03
     Coulomb-14        LJ (SR)  Disper. corr.   Coulomb (SR)   Coul. recip.
    2.40308e+04    4.41236e+04   -2.13829e+03   -4.45298e+05    1.73172e+03
 Position Rest.      Potential    Kinetic En.   Total Energy  Conserved En.
    2.27694e+02   -3.55746e+05    7.30421e+04   -2.82704e+05   -3.12133e+05
    Temperature Pres. DC (bar) Pressure (bar)   Constr. rmsd
    3.02143e+02   -9.61520e+01   -4.98696e+02    3.41865e-06

           Step           Time
          29000       58.00000

   Energies (kJ/mol)
           Bond          Angle    Proper Dih. Per. Imp. Dih.          LJ-14
    2.28492e+03    6.58280e+03    9.66227e+03    3.48634e+02    2.80888e+03
     Coulomb-14        LJ (SR)  Disper. corr.   Coulomb (SR)   Coul. recip.
    2.40422e+04    4.46092e+04   -2.13829e+03   -4.45171e+05    1.71402e+03
 Position Rest.      Potential    Kinetic En.   Total Energy  Conserved En.
    2.45434e+02   -3.55010e+05    7.22993e+04   -2.82711e+05   -3.12121e+05
    Temperature Pres. DC (bar) Pressure (bar)   Constr. rmsd
    2.99070e+02   -9.61520e+01   -3.97543e+02    3.57411e-06

           Step           Time
          29500       59.00000

   Energies (kJ/mol)
           Bond          Angle    Proper Dih. Per. Imp. Dih.          LJ-14
    2.38123e+03    6.79032e+03    9.62702e+03    3.65794e+02    2.69029e+03
     Coulomb-14        LJ (SR)  Disper. corr.   Coulomb (SR)   Coul. recip.
    2.40253e+04    4.47937e+04   -2.13829e+03   -4.46157e+05    1.81043e+03
 Position Rest.      Potential    Kinetic En.   Total Energy  Conserved En.
    2.38961e+02   -3.55572e+05    7.22779e+04   -2.83295e+05   -3.12115e+05
    Temperature Pres. DC (bar) Pressure (bar)   Constr. rmsd
    2.98981e+02   -9.61520e+01   -4.25788e+02    3.30082e-06

           Step           Time
          30000       60.00000

   Energies (kJ/mol)
           Bond          Angle    Proper Dih. Per. Imp. Dih.          LJ-14
    2.23074e+03    6.58882e+03    9.63076e+03    3.40519e+02    2.81551e+03
     Coulomb-14        LJ (SR)  Disper. corr.   Coulomb (SR)   Coul. recip.
    2.39992e+04    4.52743e+04   -2.13829e+03   -4.47259e+05    1.74422e+03
 Position Rest.      Potential    Kinetic En.   Total Energy  Conserved En.
    2.06644e+02   -3.56566e+05    7.13731e+04   -2.85193e+05   -3.12092e+05
    Temperature Pres. DC (bar) Pressure (bar)   Constr. rmsd
    2.95239e+02   -9.61520e+01   -7.76695e+02    3.45224e-06

           Step           Time
          30500       61.00000

   Energies (kJ/mol)
           Bond          Angle    Proper Dih. Per. Imp. Dih.          LJ-14
    2.31366e+03    6.71491e+03    9.57387e+03    3.80024e+02    2.80233e+03
     Coulomb-14        LJ (SR)  Disper. corr.   Coulomb (SR)   Coul. recip.
    2.40014e+04    4.31193e+04   -2.13829e+03   -4.43260e+05    1.80696e+03
 Position Rest.      Potential    Kinetic En.   Total Energy  Conserved En.
    2.25247e+02   -3.54460e+05    7.16571e+04   -2.82803e+05   -3.12100e+05
    Temperature Pres. DC (bar) Pressure (bar)   Constr. rmsd
    2.96413e+02   -9.61520e+01   -5.59675e+02    3.54919e-06

           Step           Time
          31000       62.00000

   Energies (kJ/mol)
           Bond          Angle    Proper Dih. Per. Imp. Dih.          LJ-14
    2.26367e+03    6.58385e+03    9.54653e+03    3.80625e+02    2.77520e+03
     Coulomb-14        LJ (SR)  Disper. corr.   Coulomb (SR)   Coul. recip.
    2.41061e+04    4.38564e+04   -2.13829e+03   -4.45394e+05    1.64866e+03
 Position Rest.      Potential    Kinetic En.   Total Energy  Conserved En.
    2.44312e+02   -3.56127e+05    7.30584e+04   -2.83068e+05   -3.12115e+05
    Temperature Pres. DC (bar) Pressure (bar)   Constr. rmsd
    3.02210e+02   -9.61520e+01   -5.11454e+02    3.54036e-06

           Step           Time
          31500       63.00000

   Energies (kJ/mol)
           Bond          Angle    Proper Dih. Per. Imp. Dih.          LJ-14
    2.26991e+03    6.84324e+03    9.57950e+03    4.08015e+02    2.78301e+03
     Coulomb-14        LJ (SR)  Disper. corr.   Coulomb (SR)   Coul. recip.
    2.40435e+04    4.51602e+04   -2.13829e+03   -4.46906e+05    1.77564e+03
 Position Rest.      Potential    Kinetic En.   Total Energy  Conserved En.
    2.13374e+02   -3.55967e+05    7.27291e+04   -2.83238e+05   -3.12088e+05
    Temperature Pres. DC (bar) Pressure (bar)   Constr. rmsd
    3.00848e+02   -9.61520e+01   -2.97635e+02    3.45141e-06

           Step           Time
          32000       64.00000

   Energies (kJ/mol)
           Bond          Angle    Proper Dih. Per. Imp. Dih.          LJ-14
    2.20409e+03    6.69864e+03    9.60775e+03    3.91483e+02    2.77300e+03
     Coulomb-14        LJ (SR)  Disper. corr.   Coulomb (SR)   Coul. recip.
    2.38407e+04    4.45921e+04   -2.13829e+03   -4.46842e+05    1.75571e+03
 Position Rest.      Potential    Kinetic En.   Total Energy  Conserved En.
    2.56110e+02   -3.56861e+05    7.29760e+04   -2.83885e+05   -3.12104e+05
    Temperature Pres. DC (bar) Pressure (bar)   Constr. rmsd
    3.01869e+02   -9.61520e+01   -7.10181e+02    3.32118e-06

           Step           Time
          32500       65.00000

   Energies (kJ/mol)
           Bond          Angle    Proper Dih. Per. Imp. Dih.          LJ-14
    2.25286e+03    6.52471e+03    9.56270e+03    3.52421e+02    2.83919e+03
     Coulomb-14        LJ (SR)  Disper. corr.   Coulomb (SR)   Coul. recip.
    2.40201e+04    4.61831e+04   -2.13829e+03   -4.48392e+05    1.83357e+03
 Position Rest.      Potential    Kinetic En.   Total Energy  Conserved En.
    2.17476e+02   -3.56744e+05    7.31691e+04   -2.83575e+05   -3.12097e+05
    Temperature Pres. DC (bar) Pressure (bar)   Constr. rmsd
    3.02668e+02   -9.61520e+01    3.82274e+01    4.46602e-06

           Step           Time
          33000       66.00000

   Energies (kJ/mol)
           Bond          Angle    Proper Dih. Per. Imp. Dih.          LJ-14
    2.20556e+03    6.71367e+03    9.59404e+03    3.52595e+02    2.82261e+03
     Coulomb-14        LJ (SR)  Disper. corr.   Coulomb (SR)   Coul. recip.
    2.40788e+04    4.52784e+04   -2.13829e+03   -4.47233e+05    1.66782e+03
 Position Rest.      Potential    Kinetic En.   Total Energy  Conserved En.
    2.71670e+02   -3.56386e+05    7.21031e+04   -2.84283e+05   -3.12085e+05
    Temperature Pres. DC (bar) Pressure (bar)   Constr. rmsd
    2.98258e+02   -9.61520e+01   -4.71132e+02    3.41388e-06

           Step           Time
          33500       67.00000

   Energies (kJ/mol)
           Bond          Angle    Proper Dih. Per. Imp. Dih.          LJ-14
    2.31628e+03    6.82762e+03    9.58837e+03    3.72256e+02    2.88725e+03
     Coulomb-14        LJ (SR)  Disper. corr.   Coulomb (SR)   Coul. recip.
    2.39845e+04    4.43009e+04   -2.13829e+03   -4.45241e+05    1.75889e+03
 Position Rest.      Potential    Kinetic En.   Total Energy  Conserved En.
    2.78075e+02   -3.55065e+05    7.21891e+04   -2.82876e+05   -3.12061e+05
    Temperature Pres. DC (bar) Pressure (bar)   Constr. rmsd
    2.98614e+02   -9.61520e+01   -2.18849e+02    3.21795e-06

           Step           Time
          34000       68.00000

   Energies (kJ/mol)
           Bond          Angle    Proper Dih. Per. Imp. Dih.          LJ-14
    2.26162e+03    6.81567e+03    9.58640e+03    3.83174e+02    2.85275e+03
     Coulomb-14        LJ (SR)  Disper. corr.   Coulomb (SR)   Coul. recip.
    2.42186e+04    4.43535e+04   -2.13829e+03   -4.46491e+05    1.81939e+03
 Position Rest.      Potential    Kinetic En.   Total Energy  Conserved En.
    2.55164e+02   -3.56083e+05    7.29608e+04   -2.83122e+05   -3.12055e+05
    Temperature Pres. DC (bar) Pressure (bar)   Constr. rmsd
    3.01806e+02   -9.61520e+01   -4.13829e+02    3.53216e-06

           Step           Time
          34500       69.00000

   Energies (kJ/mol)
           Bond          Angle    Proper Dih. Per. Imp. Dih.          LJ-14
    2.31315e+03    6.84947e+03    9.66121e+03    3.59880e+02    2.78850e+03
     Coulomb-14        LJ (SR)  Disper. corr.   Coulomb (SR)   Coul. recip.
    2.39984e+04    4.44695e+04   -2.13829e+03   -4.46225e+05    1.74483e+03
 Position Rest.      Potential    Kinetic En.   Total Energy  Conserved En.
    2.27023e+02   -3.55951e+05    7.22368e+04   -2.83714e+05   -3.12056e+05
    Temperature Pres. DC (bar) Pressure (bar)   Constr. rmsd
    2.98811e+02   -9.61520e+01   -3.22745e+02    3.65012e-06

           Step           Time
          35000       70.00000

   Energies (kJ/mol)
           Bond          Angle    Proper Dih. Per. Imp. Dih.          LJ-14
    2.28278e+03    6.78866e+03    9.57029e+03    3.56423e+02    2.76535e+03
     Coulomb-14        LJ (SR)  Disper. corr.   Coulomb (SR)   Coul. recip.
    2.41281e+04    4.39104e+04   -2.13829e+03   -4.46448e+05    1.64856e+03
 Position Rest.      Potential    Kinetic En.   Total Energy  Conserved En.
    2.27896e+02   -3.56907e+05    7.29164e+04   -2.83991e+05   -3.12069e+05
    Temperature Pres. DC (bar) Pressure (bar)   Constr. rmsd
    3.01622e+02   -9.61520e+01   -4.65376e+02    3.75997e-06

           Step           Time
          35500       71.00000

   Energies (kJ/mol)
           Bond          Angle    Proper Dih. Per. Imp. Dih.          LJ-14
    2.29977e+03    7.04548e+03    9.60040e+03    3.54711e+02    2.74338e+03
     Coulomb-14        LJ (SR)  Disper. corr.   Coulomb (SR)   Coul. recip.
    2.37581e+04    4.51861e+04   -2.13829e+03   -4.46675e+05    1.78404e+03
 Position Rest.      Potential    Kinetic En.   Total Energy  Conserved En.
    2.32462e+02   -3.55809e+05    7.22399e+04   -2.83569e+05   -3.12046e+05
    Temperature Pres. DC (bar) Pressure (bar)   Constr. rmsd
    2.98824e+02   -9.61520e+01   -6.02792e+02    3.17136e-06

           Step           Time
          36000       72.00000

   Energies (kJ/mol)
           Bond          Angle    Proper Dih. Per. Imp. Dih.          LJ-14
    2.27595e+03    6.89670e+03    9.62617e+03    3.61719e+02    2.80372e+03
     Coulomb-14        LJ (SR)  Disper. corr.   Coulomb (SR)   Coul. recip.
    2.40754e+04    4.52283e+04   -2.13829e+03   -4.46751e+05    1.81233e+03
 Position Rest.      Potential    Kinetic En.   Total Energy  Conserved En.
    2.46581e+02   -3.55563e+05    7.29900e+04   -2.82573e+05   -3.12049e+05
    Temperature Pres. DC (bar) Pressure (bar)   Constr. rmsd
    3.01927e+02   -9.61520e+01   -3.75979e+02    3.38964e-06

           Step           Time
          36500       73.00000

   Energies (kJ/mol)
           Bond          Angle    Proper Dih. Per. Imp. Dih.          LJ-14
    2.25596e+03    6.70083e+03    9.63631e+03    3.44449e+02    2.70348e+03
     Coulomb-14        LJ (SR)  Disper. corr.   Coulomb (SR)   Coul. recip.
    2.41162e+04    4.53134e+04   -2.13829e+03   -4.46450e+05    1.76392e+03
 Position Rest.      Potential    Kinetic En.   Total Energy  Conserved En.
    2.25047e+02   -3.55529e+05    7.31367e+04   -2.82392e+05   -3.12049e+05
    Temperature Pres. DC (bar) Pressure (bar)   Constr. rmsd
    3.02534e+02   -9.61520e+01   -4.48577e+02    3.74421e-06

           Step           Time
          37000       74.00000

   Energies (kJ/mol)
           Bond          Angle    Proper Dih. Per. Imp. Dih.          LJ-14
    2.34835e+03    6.95117e+03    9.47764e+03    3.44209e+02    2.76643e+03
     Coulomb-14        LJ (SR)  Disper. corr.   Coulomb (SR)   Coul. recip.
    2.39918e+04    4.33416e+04   -2.13829e+03   -4.44634e+05    1.80559e+03
 Position Rest.      Potential    Kinetic En.   Total Energy  Conserved En.
    2.35878e+02   -3.55509e+05    7.32522e+04   -2.82257e+05   -3.12014e+05
    Temperature Pres. DC (bar) Pressure (bar)   Constr. rmsd
    3.03012e+02   -9.61520e+01   -7.00881e+02    3.86114e-06

           Step           Time
          37500       75.00000

   Energies (kJ/mol)
           Bond          Angle    Proper Dih. Per. Imp. Dih.          LJ-14
    2.21162e+03    6.89668e+03    9.56579e+03    4.12199e+02    2.81164e+03
     Coulomb-14        LJ (SR)  Disper. corr.   Coulomb (SR)   Coul. recip.
    2.40354e+04    4.53840e+04   -2.13829e+03   -4.47922e+05    1.78171e+03
 Position Rest.      Potential    Kinetic En.   Total Energy  Conserved En.
    2.43238e+02   -3.56718e+05    7.27588e+04   -2.83960e+05   -3.12025e+05
    Temperature Pres. DC (bar) Pressure (bar)   Constr. rmsd
    3.00971e+02   -9.61520e+01   -1.20764e+02    3.66383e-06

           Step           Time
          38000       76.00000

   Energies (kJ/mol)
           Bond          Angle    Proper Dih. Per. Imp. Dih.          LJ-14
    2.36065e+03    6.67455e+03    9.59125e+03    3.42657e+02    2.77075e+03
     Coulomb-14        LJ (SR)  Disper. corr.   Coulomb (SR)   Coul. recip.
    2.39127e+04    4.46075e+04   -2.13829e+03   -4.46389e+05    1.76485e+03
 Position Rest.      Potential    Kinetic En.   Total Energy  Conserved En.
    2.32277e+02   -3.56270e+05    7.22064e+04   -2.84063e+05   -3.12014e+05
    Temperature Pres. DC (bar) Pressure (bar)   Constr. rmsd
    2.98685e+02   -9.61520e+01   -6.58028e+02    3.50089e-06

           Step           Time
          38500       77.00000

   Energies (kJ/mol)
           Bond          Angle    Proper Dih. Per. Imp. Dih.          LJ-14
    2.38814e+03    6.81478e+03    9.55629e+03    3.74291e+02    2.72328e+03
     Coulomb-14        LJ (SR)  Disper. corr.   Coulomb (SR)   Coul. recip.
    2.40321e+04    4.51844e+04   -2.13829e+03   -4.47762e+05    1.68260e+03
 Position Rest.      Potential    Kinetic En.   Total Energy  Conserved En.
    2.52634e+02   -3.56892e+05    7.31219e+04   -2.83770e+05   -3.12004e+05
    Temperature Pres. DC (bar) Pressure (bar)   Constr. rmsd
    3.02473e+02   -9.61520e+01   -3.30773e+02    3.95392e-06

           Step           Time
          39000       78.00000

   Energies (kJ/mol)
           Bond          Angle    Proper Dih. Per. Imp. Dih.          LJ-14
    2.32310e+03    6.62579e+03    9.54369e+03    3.90089e+02    2.79882e+03
     Coulomb-14        LJ (SR)  Disper. corr.   Coulomb (SR)   Coul. recip.
    2.41178e+04    4.45682e+04   -2.13829e+03   -4.47721e+05    1.65577e+03
 Position Rest.      Potential    Kinetic En.   Total Energy  Conserved En.
    2.50742e+02   -3.57585e+05    7.21750e+04   -2.85410e+05   -3.11993e+05
    Temperature Pres. DC (bar) Pressure (bar)   Constr. rmsd
    2.98556e+02   -9.61520e+01   -6.99651e+02    3.85724e-06

           Step           Time
          39500       79.00000

   Energies (kJ/mol)
           Bond          Angle    Proper Dih. Per. Imp. Dih.          LJ-14
    2.27394e+03    6.76432e+03    9.59085e+03    3.47809e+02    2.74316e+03
     Coulomb-14        LJ (SR)  Disper. corr.   Coulomb (SR)   Coul. recip.
    2.40250e+04    4.44581e+04   -2.13829e+03   -4.47399e+05    1.74563e+03
 Position Rest.      Potential    Kinetic En.   Total Energy  Conserved En.
    2.29374e+02   -3.57359e+05    7.27096e+04   -2.84650e+05   -3.11993e+05
    Temperature Pres. DC (bar) Pressure (bar)   Constr. rmsd
    3.00767e+02   -9.61520e+01   -3.47639e+02    4.57127e-06

           Step           Time
          40000       80.00000

   Energies (kJ/mol)
           Bond          Angle    Proper Dih. Per. Imp. Dih.          LJ-14
    2.35215e+03    6.82631e+03    9.60952e+03    3.44376e+02    2.81152e+03
     Coulomb-14        LJ (SR)  Disper. corr.   Coulomb (SR)   Coul. recip.
    2.38004e+04    4.42016e+04   -2.13829e+03   -4.46079e+05    1.72140e+03
 Position Rest.      Potential    Kinetic En.   Total Energy  Conserved En.
    2.47277e+02   -3.56302e+05    7.15624e+04   -2.84740e+05   -3.11999e+05
    Temperature Pres. DC (bar) Pressure (bar)   Constr. rmsd
    2.96022e+02   -9.61520e+01   -3.26426e+02    3.54523e-06

           Step           Time
          40500       81.00000

   Energies (kJ/mol)
           Bond          Angle    Proper Dih. Per. Imp. Dih.          LJ-14
    2.40269e+03    6.88673e+03    9.58370e+03    3.41950e+02    2.78025e+03
     Coulomb-14        LJ (SR)  Disper. corr.   Coulomb (SR)   Coul. recip.
    2.38156e+04    4.51891e+04   -2.13829e+03   -4.47282e+05    1.67795e+03
 Position Rest.      Potential    Kinetic En.   Total Energy  Conserved En.
    2.24418e+02   -3.56518e+05    7.27944e+04   -2.83723e+05   -3.11990e+05
    Temperature Pres. DC (bar) Pressure (bar)   Constr. rmsd
    3.01118e+02   -9.61520e+01   -3.86581e+02    3.73787e-06

           Step           Time
          41000       82.00000

   Energies (kJ/mol)
           Bond          Angle    Proper Dih. Per. Imp. Dih.          LJ-14
    2.26583e+03    6.80068e+03    9.63563e+03    3.26519e+02    2.77991e+03
     Coulomb-14        LJ (SR)  Disper. corr.   Coulomb (SR)   Coul. recip.
    2.41770e+04    4.64620e+04   -2.13829e+03   -4.49228e+05    1.75810e+03
 Position Rest.      Potential    Kinetic En.   Total Energy  Conserved En.
    2.34969e+02   -3.56926e+05    7.34613e+04   -2.83464e+05   -3.11971e+05
    Temperature Pres. DC (bar) Pressure (bar)   Constr. rmsd
    3.03876e+02   -9.61520e+01    5.08033e+01    3.88093e-06

           Step           Time
          41500       83.00000

   Energies (kJ/mol)
           Bond          Angle    Proper Dih. Per. Imp. Dih.          LJ-14
    2.30636e+03    6.97223e+03    9.48770e+03    3.39471e+02    2.77463e+03
     Coulomb-14        LJ (SR)  Disper. corr.   Coulomb (SR)   Coul. recip.
    2.40949e+04    4.61155e+04   -2.13829e+03   -4.49198e+05    1.74576e+03
 Position Rest.      Potential    Kinetic En.   Total Energy  Conserved En.
    2.11470e+02   -3.57289e+05    7.25649e+04   -2.84724e+05   -3.11970e+05
    Temperature Pres. DC (bar) Pressure (bar)   Constr. rmsd
    3.00168e+02   -9.61520e+01   -2.50204e+02    4.14971e-06

           Step           Time
          42000       84.00000

   Energies (kJ/mol)
           Bond          Angle    Proper Dih. Per. Imp. Dih.          LJ-14
    2.44558e+03    6.84307e+03    9.66905e+03    3.75211e+02    2.75784e+03
     Coulomb-14        LJ (SR)  Disper. corr.   Coulomb (SR)   Coul. recip.
    2.41993e+04    4.54765e+04   -2.13829e+03   -4.49892e+05    1.73807e+03
 Position Rest.      Potential    Kinetic En.   Total Energy  Conserved En.
    2.20721e+02   -3.58305e+05    7.23530e+04   -2.85952e+05   -3.11939e+05
    Temperature Pres. DC (bar) Pressure (bar)   Constr. rmsd
    2.99292e+02   -9.61520e+01   -3.96030e+02    3.61045e-06

           Step           Time
          42500       85.00000

   Energies (kJ/mol)
           Bond          Angle    Proper Dih. Per. Imp. Dih.          LJ-14
    2.48383e+03    6.75182e+03    9.56695e+03    3.22400e+02    2.85388e+03
     Coulomb-14        LJ (SR)  Disper. corr.   Coulomb (SR)   Coul. recip.
    2.39619e+04    4.57084e+04   -2.13829e+03   -4.47274e+05    1.79959e+03
 Position Rest.      Potential    Kinetic En.   Total Energy  Conserved En.
    2.53497e+02   -3.55710e+05    7.19169e+04   -2.83793e+05   -3.11936e+05
    Temperature Pres. DC (bar) Pressure (bar)   Constr. rmsd
    2.97488e+02   -9.61520e+01   -2.87565e+02    3.33797e-06

           Step           Time
          43000       86.00000

   Energies (kJ/mol)
           Bond          Angle    Proper Dih. Per. Imp. Dih.          LJ-14
    2.31721e+03    7.14730e+03    9.57938e+03    3.59345e+02    2.73766e+03
     Coulomb-14        LJ (SR)  Disper. corr.   Coulomb (SR)   Coul. recip.
    2.40388e+04    4.41345e+04   -2.13829e+03   -4.46109e+05    1.79386e+03
 Position Rest.      Potential    Kinetic En.   Total Energy  Conserved En.
    2.87546e+02   -3.55851e+05    7.26198e+04   -2.83231e+05   -3.11945e+05
    Temperature Pres. DC (bar) Pressure (bar)   Constr. rmsd
    3.00396e+02   -9.61520e+01   -7.13103e+02    4.26042e-06

           Step           Time
          43500       87.00000

   Energies (kJ/mol)
           Bond          Angle    Proper Dih. Per. Imp. Dih.          LJ-14
    2.37772e+03    6.98440e+03    9.46020e+03    3.55743e+02    2.71199e+03
     Coulomb-14        LJ (SR)  Disper. corr.   Coulomb (SR)   Coul. recip.
    2.41789e+04    4.62625e+04   -2.13829e+03   -4.48947e+05    1.73190e+03
 Position Rest.      Potential    Kinetic En.   Total Energy  Conserved En.
    2.49651e+02   -3.56772e+05    7.17473e+04   -2.85025e+05   -3.11925e+05
    Temperature Pres. DC (bar) Pressure (bar)   Constr. rmsd
    2.96786e+02   -9.61520e+01   -2.14692e+02    3.49125e-06

           Step           Time
          44000       88.00000

   Energies (kJ/mol)
           Bond          Angle    Proper Dih. Per. Imp. Dih.          LJ-14
    2.31091e+03    6.76425e+03    9.51885e+03    3.39115e+02    2.82062e+03
     Coulomb-14        LJ (SR)  Disper. corr.   Coulomb (SR)   Coul. recip.
    2.39449e+04    4.50122e+04   -2.13829e+03   -4.47636e+05    1.70934e+03
 Position Rest.      Potential    Kinetic En.   Total Energy  Conserved En.
    2.27253e+02   -3.57127e+05    7.28781e+04   -2.84249e+05   -3.11952e+05
    Temperature Pres. DC (bar) Pressure (bar)   Constr. rmsd
    3.01464e+02   -9.61520e+01   -4.24978e+02    3.08164e-06

           Step           Time
          44500       89.00000

   Energies (kJ/mol)
           Bond          Angle    Proper Dih. Per. Imp. Dih.          LJ-14
    2.28065e+03    6.97704e+03    9.52798e+03    3.40621e+02    2.83376e+03
     Coulomb-14        LJ (SR)  Disper. corr.   Coulomb (SR)   Coul. recip.
    2.41257e+04    4.48534e+04   -2.13829e+03   -4.46537e+05    1.76884e+03
 Position Rest.      Potential    Kinetic En.   Total Energy  Conserved En.
    2.27659e+02   -3.55740e+05    7.26941e+04   -2.83046e+05   -3.11930e+05
    Temperature Pres. DC (bar) Pressure (bar)   Constr. rmsd
    3.00703e+02   -9.61520e+01   -3.10238e+02    3.82826e-06

           Step           Time
          45000       90.00000

   Energies (kJ/mol)
           Bond          Angle    Proper Dih. Per. Imp. Dih.          LJ-14
    2.30820e+03    6.86130e+03    9.55077e+03    3.64098e+02    2.80169e+03
     Coulomb-14        LJ (SR)  Disper. corr.   Coulomb (SR)   Coul. recip.
    2.42251e+04    4.42103e+04   -2.13829e+03   -4.47375e+05    1.71297e+03
 Position Rest.      Potential    Kinetic En.   Total Energy  Conserved En.
    2.58446e+02   -3.57220e+05    7.22490e+04   -2.84971e+05   -3.11920e+05
    Temperature Pres. DC (bar) Pressure (bar)   Constr. rmsd
    2.98862e+02   -9.61520e+01   -3.97536e+02    3.71945e-06

           Step           Time
          45500       91.00000

   Energies (kJ/mol)
           Bond          Angle    Proper Dih. Per. Imp. Dih.          LJ-14
    2.39767e+03    6.67719e+03    9.58108e+03    3.74004e+02    2.74116e+03
     Coulomb-14        LJ (SR)  Disper. corr.   Coulomb (SR)   Coul. recip.
    2.39746e+04    4.49062e+04   -2.13829e+03   -4.47220e+05    1.69168e+03
 Position Rest.      Potential    Kinetic En.   Total Energy  Conserved En.
    2.66369e+02   -3.56748e+05    7.25291e+04   -2.84219e+05   -3.11909e+05
    Temperature Pres. DC (bar) Pressure (bar)   Constr. rmsd
    3.00021e+02   -9.61520e+01   -2.25237e+02    3.85953e-06

           Step           Time
          46000       92.00000

   Energies (kJ/mol)
           Bond          Angle    Proper Dih. Per. Imp. Dih.          LJ-14
    2.27927e+03    6.74527e+03    9.59145e+03    3.91762e+02    2.77265e+03
     Coulomb-14        LJ (SR)  Disper. corr.   Coulomb (SR)   Coul. recip.
    2.41904e+04    4.56702e+04   -2.13829e+03   -4.48329e+05    1.78319e+03
 Position Rest.      Potential    Kinetic En.   Total Energy  Conserved En.
    2.43920e+02   -3.56799e+05    7.26546e+04   -2.84145e+05   -3.11904e+05
    Temperature Pres. DC (bar) Pressure (bar)   Constr. rmsd
    3.00539e+02   -9.61520e+01   -3.84644e+02    3.62441e-06

           Step           Time
          46500       93.00000

   Energies (kJ/mol)
           Bond          Angle    Proper Dih. Per. Imp. Dih.          LJ-14
    2.34437e+03    7.02962e+03    9.55912e+03    3.71017e+02    2.81691e+03
     Coulomb-14        LJ (SR)  Disper. corr.   Coulomb (SR)   Coul. recip.
    2.40419e+04    4.53298e+04   -2.13829e+03   -4.47699e+05    1.73633e+03
 Position Rest.      Potential    Kinetic En.   Total Energy  Conserved En.
    2.76991e+02   -3.56331e+05    7.27486e+04   -2.83583e+05   -3.11912e+05
    Temperature Pres. DC (bar) Pressure (bar)   Constr. rmsd
    3.00928e+02   -9.61520e+01   -3.48531e+02    3.81954e-06

           Step           Time
          47000       94.00000

   Energies (kJ/mol)
           Bond          Angle    Proper Dih. Per. Imp. Dih.          LJ-14
    2.28667e+03    6.93412e+03    9.59950e+03    3.46050e+02    2.73411e+03
     Coulomb-14        LJ (SR)  Disper. corr.   Coulomb (SR)   Coul. recip.
    2.40979e+04    4.47985e+04   -2.13829e+03   -4.47863e+05    1.71052e+03
 Position Rest.      Potential    Kinetic En.   Total Energy  Conserved En.
    2.49188e+02   -3.57244e+05    7.22287e+04   -2.85016e+05   -3.11911e+05
    Temperature Pres. DC (bar) Pressure (bar)   Constr. rmsd
    2.98778e+02   -9.61520e+01   -4.68618e+02    3.37125e-06

           Step           Time
          47500       95.00000

   Energies (kJ/mol)
           Bond          Angle    Proper Dih. Per. Imp. Dih.          LJ-14
    2.35738e+03    6.87061e+03    9.59271e+03    3.52521e+02    2.79672e+03
     Coulomb-14        LJ (SR)  Disper. corr.   Coulomb (SR)   Coul. recip.
    2.39427e+04    4.48772e+04   -2.13829e+03   -4.46310e+05    1.80206e+03
 Position Rest.      Potential    Kinetic En.   Total Energy  Conserved En.
    2.35012e+02   -3.55622e+05    7.20340e+04   -2.83588e+05   -3.11874e+05
    Temperature Pres. DC (bar) Pressure (bar)   Constr. rmsd
    2.97972e+02   -9.61520e+01   -2.30870e+02    3.59823e-06

           Step           Time
          48000       96.00000

   Energies (kJ/mol)
           Bond          Angle    Proper Dih. Per. Imp. Dih.          LJ-14
    2.29835e+03    6.84585e+03    9.51281e+03    3.70421e+02    2.75095e+03
     Coulomb-14        LJ (SR)  Disper. corr.   Coulomb (SR)   Coul. recip.
    2.39429e+04    4.45675e+04   -2.13829e+03   -4.45858e+05    1.70581e+03
 Position Rest.      Potential    Kinetic En.   Total Energy  Conserved En.
    2.54720e+02   -3.55747e+05    7.28471e+04   -2.82900e+05   -3.11874e+05
    Temperature Pres. DC (bar) Pressure (bar)   Constr. rmsd
    3.01336e+02   -9.61520e+01   -4.39506e+02    3.58112e-06

           Step           Time
          48500       97.00000

   Energies (kJ/mol)
           Bond          Angle    Proper Dih. Per. Imp. Dih.          LJ-14
    2.44215e+03    6.70978e+03    9.55284e+03    3.73208e+02    2.78777e+03
     Coulomb-14        LJ (SR)  Disper. corr.   Coulomb (SR)   Coul. recip.
    2.39913e+04    4.44225e+04   -2.13829e+03   -4.45966e+05    1.76140e+03
 Position Rest.      Potential    Kinetic En.   Total Energy  Conserved En.
    2.58452e+02   -3.55805e+05    7.29717e+04   -2.82833e+05   -3.11876e+05
    Temperature Pres. DC (bar) Pressure (bar)   Constr. rmsd
    3.01851e+02   -9.61520e+01   -6.90641e+02    3.46958e-06

           Step           Time
          49000       98.00000

   Energies (kJ/mol)
           Bond          Angle    Proper Dih. Per. Imp. Dih.          LJ-14
    2.39519e+03    6.71303e+03    9.69452e+03    3.38793e+02    2.78317e+03
     Coulomb-14        LJ (SR)  Disper. corr.   Coulomb (SR)   Coul. recip.
    2.38260e+04    4.35067e+04   -2.13829e+03   -4.46001e+05    1.71101e+03
 Position Rest.      Potential    Kinetic En.   Total Energy  Conserved En.
    2.44463e+02   -3.56926e+05    7.21211e+04   -2.84805e+05   -3.11867e+05
    Temperature Pres. DC (bar) Pressure (bar)   Constr. rmsd
    2.98333e+02   -9.61520e+01   -5.56531e+02    3.48782e-06

           Step           Time
          49500       99.00000

   Energies (kJ/mol)
           Bond          Angle    Proper Dih. Per. Imp. Dih.          LJ-14
    2.31067e+03    6.95128e+03    9.46471e+03    3.75486e+02    2.74104e+03
     Coulomb-14        LJ (SR)  Disper. corr.   Coulomb (SR)   Coul. recip.
    2.40618e+04    4.48369e+04   -2.13829e+03   -4.47133e+05    1.76970e+03
 Position Rest.      Potential    Kinetic En.   Total Energy  Conserved En.
    2.19695e+02   -3.56540e+05    7.23377e+04   -2.84203e+05   -3.11872e+05
    Temperature Pres. DC (bar) Pressure (bar)   Constr. rmsd
    2.99229e+02   -9.61520e+01   -3.69327e+02    3.44616e-06

           Step           Time
          50000      100.00000

Writing checkpoint, step 50000 at Wed Apr  8 12:59:30 2026


   Energies (kJ/mol)
           Bond          Angle    Proper Dih. Per. Imp. Dih.          LJ-14
    2.19182e+03    6.60359e+03    9.52140e+03    3.37564e+02    2.74424e+03
     Coulomb-14        LJ (SR)  Disper. corr.   Coulomb (SR)   Coul. recip.
    2.41289e+04    4.45636e+04   -2.13829e+03   -4.47045e+05    1.76554e+03
 Position Rest.      Potential    Kinetic En.   Total Energy  Conserved En.
    2.21116e+02   -3.57105e+05    7.22301e+04   -2.84875e+05   -3.11871e+05
    Temperature Pres. DC (bar) Pressure (bar)   Constr. rmsd
    2.98784e+02   -9.61520e+01   -5.28944e+02    3.32981e-06


Energy conservation over simulation part #1 of length 100 ps, time 0 to 100 ps
  Conserved energy drift: 4.62e-04 kJ/mol/ps per atom


	<======  ###############  ==>
	<====  A V E R A G E S  ====>
	<==  ###############  ======>

	Statistics over 50001 steps using 501 frames

   Energies (kJ/mol)
           Bond          Angle    Proper Dih. Per. Imp. Dih.          LJ-14
    2.26189e+03    6.71249e+03    9.60937e+03    3.56194e+02    2.77455e+03
     Coulomb-14        LJ (SR)  Disper. corr.   Coulomb (SR)   Coul. recip.
    2.40665e+04    4.45824e+04   -2.13829e+03   -4.44870e+05    1.80400e+03
 Position Rest.      Potential    Kinetic En.   Total Energy  Conserved En.
    2.41552e+02   -3.54599e+05    7.25404e+04   -2.82059e+05   -3.12169e+05
    Temperature Pres. DC (bar) Pressure (bar)   Constr. rmsd
    3.00067e+02   -9.61520e+01   -4.98015e+02    0.00000e+00

   Total Virial (kJ/mol)
    2.97622e+04   -9.39522e+01    1.67587e+02
   -9.36889e+01    2.92934e+04    2.66468e+02
    1.67575e+02    2.66264e+02    3.01167e+04

   Pressure (bar)
   -5.00890e+02    9.96735e+00   -1.89323e+01
    9.94370e+00   -4.59304e+02   -2.30153e+01
   -1.89312e+01   -2.29970e+01   -5.33851e+02


	M E G A - F L O P S   A C C O U N T I N G

 NB=Group-cutoff nonbonded kernels    NxN=N-by-N cluster Verlet kernels
 RF=Reaction-Field  VdW=Van der Waals  QSTab=quadratic-spline table
 W3=SPC/TIP3p  W4=TIP4p (single or pairs)
 V&F=Potential and force  V=Potential only  F=Force only

 Computing:                               M-Number         M-Flops  % Flops
-----------------------------------------------------------------------------
 Pair Search distance check            5888.387432       52995.487     0.1
 NxN Ewald Elec. + LJ [F]            679180.944816    52976113.696    58.4
 NxN Ewald Elec. + LJ [V&F]            6874.869248      886858.133     1.0
 NxN Ewald Elec. [F]                 539348.919120    32900284.066    36.3
 NxN Ewald Elec. [V&F]                 5459.428448      458591.990     0.5
 1,4 nonbonded interactions             390.157803       35114.202     0.0
 Calc Weights                          4251.385026      153049.861     0.2
 Spread Q Bspline                     90696.213888      181392.428     0.2
 Gather F Bspline                     90696.213888      544177.283     0.6
 3D-FFT                              240463.009164     1923704.073     2.1
 Solve PME                             3650.473008      233630.273     0.3
 Reset In Box                            14.199342          42.598     0.0
 CG-CoM                                  14.227684          42.683     0.0
 Bonds                                   74.651493        4404.438     0.0
 Angles                                 269.955399       45352.507     0.0
 Propers                                489.559791      112109.192     0.1
 Impropers                               82.951659       17253.945     0.0
 Pos. Restr.                             27.150543        1357.527     0.0
 Virial                                  14.221887         255.994     0.0
 Stop-CM                                 14.227684         142.277     0.0
 Calc-Ekin                              283.476684        7653.870     0.0
 Lincs                                   74.154449        4449.267     0.0
 Lincs-Mat                              401.424084        1605.696     0.0
 Constraint-V                          1417.806710       12760.260     0.0
 Constraint-Vir                          13.462872         323.109     0.0
 Settle                                 423.175389      156574.894     0.2
-----------------------------------------------------------------------------
 Total                                                90710239.750   100.0
-----------------------------------------------------------------------------


    D O M A I N   D E C O M P O S I T I O N   S T A T I S T I C S

 av. #atoms communicated per step for force:  2 x 0.0
 av. #atoms communicated per step for LINCS:  2 x 0.0


      R E A L   C Y C L E   A N D   T I M E   A C C O U N T I N G

On 1 MPI rank, each using 24 OpenMP threads

 Activity:              Num   Num      Call    Wall time         Giga-Cycles
                        Ranks Threads  Count      (s)         total sum    %
--------------------------------------------------------------------------------
 Domain decomp.            1   24        501       1.171         56.110   1.2
 Neighbor search           1   24        501       1.261         60.424   1.3
 Force                     1   24      50001      65.190       3123.224  66.4
 PME mesh                  1   24      50001      22.901       1097.186  23.3
 NB X/F buffer ops.        1   24     100002       3.286        157.414   3.3
 Write traj.               1   24        101       0.174          8.359   0.2
 Update                    1   24      50001       1.607         76.969   1.6
 Constraints               1   24      50003       2.338        112.014   2.4
 Kinetic energy            1   24      10001       0.120          5.748   0.1
 Rest                                              0.171          8.206   0.2
--------------------------------------------------------------------------------
 Total                                            98.219       4705.653 100.0
--------------------------------------------------------------------------------
 Breakdown of PME mesh activities
--------------------------------------------------------------------------------
 PME spread                1   24      50001       8.922        427.471   9.1
 PME gather                1   24      50001       6.162        295.201   6.3
 PME 3D-FFT                1   24     100002       7.387        353.899   7.5
 PME solve Elec            1   24      50001       0.257         12.301   0.3
--------------------------------------------------------------------------------

               Core t (s)   Wall t (s)        (%)
       Time:     2357.255       98.219     2400.0
                 (ns/day)    (hour/ns)
Performance:       87.968        0.273
Finished mdrun on rank 0 Wed Apr  8 12:59:30 2026

