2026-03-28 09:01:14,612  INFO      Water-contact analysis — Leonard et al. 2024 method
2026-03-28 09:01:14,612  INFO      Output directory: /scratch/alpine/ivta1597/LCA_boltz_models/binders/seq39_binder/prod_md_0p9_cutoff_3dt_64x1_16PME_642dd/water_analysis_results
2026-03-28 09:01:14,612  INFO      Topology  : /scratch/alpine/ivta1597/LCA_boltz_models/binders/seq39_binder/prod_md_0p9_cutoff_3dt_64x1_16PME_642dd/medoid_system.pdb
2026-03-28 09:01:14,612  INFO      Trajectory: /scratch/alpine/ivta1597/LCA_boltz_models/binders/seq39_binder/prod_md_0p9_cutoff_3dt_64x1_16PME_642dd/prod_md_40_500ns.xtc
2026-03-28 09:01:14,612  INFO      Loading trajectory (stride=1)…
2026-03-28 09:01:25,152  INFO      Loaded 12267 frames in 10.5 s  (timestep = 37.500 ps)
2026-03-28 09:01:25,174  INFO      Ligand (LIG) atoms   : 69 total, 27 heavy, 3 acceptors (O/N)
2026-03-28 09:01:25,174  INFO      Water oxygen atoms  : 8895
2026-03-28 09:01:25,174  INFO      Protein heavy atoms : 1442
2026-03-28 09:01:25,175  INFO      Computing LCA–water contact mask (8895 waters × 27 LCA heavy atoms)…
2026-03-28 09:05:14,641  INFO        Water–LCA contacts present in 12234 / 12267 frames (99.7%)
2026-03-28 09:05:14,645  INFO      Step 2 — Computing R scores (this is the slow step)…
2026-03-28 09:05:14,645  INFO      Pocket residue whitelist: [59, 60, 61, 62, 79, 81, 83, 87, 88, 89, 91, 92, 94, 110, 115, 117, 120, 145, 159, 160, 161, 162, 163, 166]
2026-03-28 09:05:14,645  INFO      Computing R scores for 1442 protein residues…
2026-03-28 09:05:14,645  INFO        Pocket filter applied — analysing 24 / 181 residue groups
2026-03-28 09:05:14,646  INFO        Processing residue 0 / 24…
2026-03-28 09:32:22,260  INFO      Residues with dominant water-mediated contacts (R < -0.70): 0
2026-03-28 09:32:22,270  INFO      R-score calculation complete in 1627.6 s
2026-03-28 09:32:22,270  INFO      Step 3 — Classifying H-bond strength and stability…
2026-03-28 09:32:22,270  INFO      Classifying H-bond strength/stability for 0 dominant residues…
2026-03-28 09:32:22,270  INFO      Step 4 — Computing water-bridge role occupancy…
2026-03-28 09:32:22,270  INFO      Saving results…
2026-03-28 09:32:22,831  INFO      R-score table saved → /scratch/alpine/ivta1597/LCA_boltz_models/binders/seq39_binder/prod_md_0p9_cutoff_3dt_64x1_16PME_642dd/water_analysis_results/r_scores_all_residues.csv
2026-03-28 09:32:22,833  INFO      Dominant residues table saved → /scratch/alpine/ivta1597/LCA_boltz_models/binders/seq39_binder/prod_md_0p9_cutoff_3dt_64x1_16PME_642dd/water_analysis_results/r_scores_dominant.csv  (0 residues)
2026-03-28 09:32:22,833  WARNING   No H-bond data to save (no dominant water-mediated bonds found).
2026-03-28 09:32:23,549  INFO      Plot saved → r_score_distribution.png
2026-03-28 09:32:23,549  INFO      
2026-03-28 09:32:23,549  INFO      ======================================================================
2026-03-28 09:32:23,549  INFO      SUMMARY — Mechanistically conserved water-mediated H-bonds
2026-03-28 09:32:23,549  INFO        (dominant R < -0.70  AND  strong mean < 2.5 Å  AND  stable std < 0.45 Å)
2026-03-28 09:32:23,549  INFO      ======================================================================
2026-03-28 09:32:23,549  INFO        No mechanistically conserved water-mediated bonds found.
2026-03-28 09:32:23,549  INFO        Consider relaxing --r-cutoff or checking residue naming.
2026-03-28 09:32:23,549  INFO      Analysis complete.  All output in: /scratch/alpine/ivta1597/LCA_boltz_models/binders/seq39_binder/prod_md_0p9_cutoff_3dt_64x1_16PME_642dd/water_analysis_results
